"gcc -o conftest -I/usr/include/ruby-2.1.0/x86_64-linux -I/usr/include/ruby-2.1.0/ruby/backward -I/usr/include/ruby-2.1.0 -I. -D_FORTIFY_SOURCE=2   -march=x86-64 -mtune=generic -O2 -pipe -fstack-protector --param=ssp-buffer-size=4 -fPIC conftest.c  -L. -L/usr/lib -L. -Wl,-O1,--sort-common,--as-needed,-z,relro -fstack-protector -rdynamic -Wl,-export-dynamic     -lruby  -lpthread -lgmp -ldl -lcrypt -lm   -lc"
checked program was:
/* begin */
1: #include "ruby.h"
2: 
3: int main(int argc, char **argv)
4: {
5:   return 0;
6: }
/* end */

"gcc -I/usr/include/ruby-2.1.0/x86_64-linux -I/usr/include/ruby-2.1.0/ruby/backward -I/usr/include/ruby-2.1.0 -I. -D_FORTIFY_SOURCE=2   -march=x86-64 -mtune=generic -O2 -pipe -fstack-protector --param=ssp-buffer-size=4 -fPIC   -c conftest.c"
conftest.c:5:3: error: #error 
 # error
   ^
conftest.c:6:1: error: expected identifier or ‘(’ before ‘|’ token
 |:/ === _WIN32 undefined === /:|
 ^
checked program was:
/* begin */
1: #include "ruby.h"
2: 
3: /*top*/
4: #ifndef _WIN32
5: # error
6: |:/ === _WIN32 undefined === /:|
7: #endif
/* end */

have_header: checking for termios.h... -------------------- yes

"gcc -E -I/usr/include/ruby-2.1.0/x86_64-linux -I/usr/include/ruby-2.1.0/ruby/backward -I/usr/include/ruby-2.1.0 -I. -D_FORTIFY_SOURCE=2   -march=x86-64 -mtune=generic -O2 -pipe -fstack-protector --param=ssp-buffer-size=4 -fPIC  conftest.c -o conftest.i"
checked program was:
/* begin */
1: #include "ruby.h"
2: 
3: #include <termios.h>
/* end */

--------------------

have_func: checking for cfmakeraw() in termios.h... -------------------- yes

"gcc -o conftest -I/usr/include/ruby-2.1.0/x86_64-linux -I/usr/include/ruby-2.1.0/ruby/backward -I/usr/include/ruby-2.1.0 -I. -D_FORTIFY_SOURCE=2   -march=x86-64 -mtune=generic -O2 -pipe -fstack-protector --param=ssp-buffer-size=4 -fPIC conftest.c  -L. -L/usr/lib -L. -Wl,-O1,--sort-common,--as-needed,-z,relro -fstack-protector -rdynamic -Wl,-export-dynamic     -lruby  -lpthread -lgmp -ldl -lcrypt -lm   -lc"
checked program was:
/* begin */
 1: #include "ruby.h"
 2: 
 3: #include <termios.h>
 4: 
 5: /*top*/
 6: extern int t(void);
 7: int main(int argc, char **argv)
 8: {
 9:   if (argc > 1000000) {
10:     printf("%p", &t);
11:   }
12: 
13:   return 0;
14: }
15: int t(void) { void ((*volatile p)()); p = (void ((*)()))cfmakeraw; return 0; }
/* end */

--------------------

"gcc -I/usr/include/ruby-2.1.0/x86_64-linux -I/usr/include/ruby-2.1.0/ruby/backward -I/usr/include/ruby-2.1.0 -I. -D_FORTIFY_SOURCE=2   -march=x86-64 -mtune=generic -O2 -pipe -fstack-protector --param=ssp-buffer-size=4 -fPIC   -c conftest.c"
checked program was:
/* begin */
1: #include "ruby.h"
2: 
3: #include <ruby.h>
4: /*top*/
5: #ifndef HAVE_RUBY_IO_H
6: # error
7: |:/ === HAVE_RUBY_IO_H undefined === /:|
8: #endif
/* end */

have_header: checking for sys/ioctl.h... -------------------- yes

"gcc -E -I/usr/include/ruby-2.1.0/x86_64-linux -I/usr/include/ruby-2.1.0/ruby/backward -I/usr/include/ruby-2.1.0 -I. -D_FORTIFY_SOURCE=2   -march=x86-64 -mtune=generic -O2 -pipe -fstack-protector --param=ssp-buffer-size=4 -fPIC  conftest.c -o conftest.i"
checked program was:
/* begin */
1: #include "ruby.h"
2: 
3: #include <sys/ioctl.h>
/* end */

--------------------

have_func: checking for rb_check_hash_type() in ruby.h... -------------------- yes

"gcc -o conftest -I/usr/include/ruby-2.1.0/x86_64-linux -I/usr/include/ruby-2.1.0/ruby/backward -I/usr/include/ruby-2.1.0 -I. -D_FORTIFY_SOURCE=2   -march=x86-64 -mtune=generic -O2 -pipe -fstack-protector --param=ssp-buffer-size=4 -fPIC conftest.c  -L. -L/usr/lib -L. -Wl,-O1,--sort-common,--as-needed,-z,relro -fstack-protector -rdynamic -Wl,-export-dynamic     -lruby  -lpthread -lgmp -ldl -lcrypt -lm   -lc"
checked program was:
/* begin */
 1: #include "ruby.h"
 2: 
 3: #include <ruby.h>
 4: 
 5: /*top*/
 6: extern int t(void);
 7: int main(int argc, char **argv)
 8: {
 9:   if (argc > 1000000) {
10:     printf("%p", &t);
11:   }
12: 
13:   return 0;
14: }
15: int t(void) { void ((*volatile p)()); p = (void ((*)()))rb_check_hash_type; return 0; }
/* end */

--------------------

have_func: checking for rb_io_get_write_io() in ruby/io.h... -------------------- yes

"gcc -o conftest -I/usr/include/ruby-2.1.0/x86_64-linux -I/usr/include/ruby-2.1.0/ruby/backward -I/usr/include/ruby-2.1.0 -I. -D_FORTIFY_SOURCE=2   -march=x86-64 -mtune=generic -O2 -pipe -fstack-protector --param=ssp-buffer-size=4 -fPIC conftest.c  -L. -L/usr/lib -L. -Wl,-O1,--sort-common,--as-needed,-z,relro -fstack-protector -rdynamic -Wl,-export-dynamic     -lruby  -lpthread -lgmp -ldl -lcrypt -lm   -lc"
checked program was:
/* begin */
 1: #include "ruby.h"
 2: 
 3: #include <ruby/io.h>
 4: 
 5: /*top*/
 6: extern int t(void);
 7: int main(int argc, char **argv)
 8: {
 9:   if (argc > 1000000) {
10:     printf("%p", &t);
11:   }
12: 
13:   return 0;
14: }
15: int t(void) { void ((*volatile p)()); p = (void ((*)()))rb_io_get_write_io; return 0; }
/* end */

--------------------

have_func: checking for rb_cloexec_open() in ruby/io.h... -------------------- yes

"gcc -o conftest -I/usr/include/ruby-2.1.0/x86_64-linux -I/usr/include/ruby-2.1.0/ruby/backward -I/usr/include/ruby-2.1.0 -I. -D_FORTIFY_SOURCE=2   -march=x86-64 -mtune=generic -O2 -pipe -fstack-protector --param=ssp-buffer-size=4 -fPIC conftest.c  -L. -L/usr/lib -L. -Wl,-O1,--sort-common,--as-needed,-z,relro -fstack-protector -rdynamic -Wl,-export-dynamic     -lruby  -lpthread -lgmp -ldl -lcrypt -lm   -lc"
checked program was:
/* begin */
 1: #include "ruby.h"
 2: 
 3: #include <ruby/io.h>
 4: 
 5: /*top*/
 6: extern int t(void);
 7: int main(int argc, char **argv)
 8: {
 9:   if (argc > 1000000) {
10:     printf("%p", &t);
11:   }
12: 
13:   return 0;
14: }
15: int t(void) { void ((*volatile p)()); p = (void ((*)()))rb_cloexec_open; return 0; }
/* end */

--------------------

