have_library: checking for tgetent() in -ltinfo... -------------------- no

"gcc -o conftest -I/usr/include/ruby-2.1.0/x86_64-linux -I/usr/include/ruby-2.1.0/ruby/backward -I/usr/include/ruby-2.1.0 -I. -D_FORTIFY_SOURCE=2   -march=x86-64 -mtune=generic -O2 -pipe -fstack-protector --param=ssp-buffer-size=4 -fPIC conftest.c  -L. -L/usr/lib -L. -Wl,-O1,--sort-common,--as-needed,-z,relro -fstack-protector -rdynamic -Wl,-export-dynamic     -lruby  -lpthread -lgmp -ldl -lcrypt -lm   -lc"
checked program was:
/* begin */
1: #include "ruby.h"
2: 
3: int main(int argc, char **argv)
4: {
5:   return 0;
6: }
/* end */

"gcc -o conftest -I/usr/include/ruby-2.1.0/x86_64-linux -I/usr/include/ruby-2.1.0/ruby/backward -I/usr/include/ruby-2.1.0 -I. -D_FORTIFY_SOURCE=2   -march=x86-64 -mtune=generic -O2 -pipe -fstack-protector --param=ssp-buffer-size=4 -fPIC conftest.c  -L. -L/usr/lib -L. -Wl,-O1,--sort-common,--as-needed,-z,relro -fstack-protector -rdynamic -Wl,-export-dynamic     -lruby -ltinfo  -lpthread -lgmp -ldl -lcrypt -lm   -lc"
conftest.c: In function ‘t’:
conftest.c:13:57: error: ‘tgetent’ undeclared (first use in this function)
 int t(void) { void ((*volatile p)()); p = (void ((*)()))tgetent; return 0; }
                                                         ^
conftest.c:13:57: note: each undeclared identifier is reported only once for each function it appears in
checked program was:
/* begin */
 1: #include "ruby.h"
 2: 
 3: /*top*/
 4: extern int t(void);
 5: int main(int argc, char **argv)
 6: {
 7:   if (argc > 1000000) {
 8:     printf("%p", &t);
 9:   }
10: 
11:   return 0;
12: }
13: int t(void) { void ((*volatile p)()); p = (void ((*)()))tgetent; return 0; }
/* end */

"gcc -o conftest -I/usr/include/ruby-2.1.0/x86_64-linux -I/usr/include/ruby-2.1.0/ruby/backward -I/usr/include/ruby-2.1.0 -I. -D_FORTIFY_SOURCE=2   -march=x86-64 -mtune=generic -O2 -pipe -fstack-protector --param=ssp-buffer-size=4 -fPIC conftest.c  -L. -L/usr/lib -L. -Wl,-O1,--sort-common,--as-needed,-z,relro -fstack-protector -rdynamic -Wl,-export-dynamic     -lruby -ltinfo  -lpthread -lgmp -ldl -lcrypt -lm   -lc"
/usr/bin/ld: cannot find -ltinfo
collect2: error: ld returned 1 exit status
checked program was:
/* begin */
 1: #include "ruby.h"
 2: 
 3: /*top*/
 4: extern int t(void);
 5: int main(int argc, char **argv)
 6: {
 7:   if (argc > 1000000) {
 8:     printf("%p", &t);
 9:   }
10: 
11:   return 0;
12: }
13: int t(void) { tgetent(); return 0; }
/* end */

--------------------

have_library: checking for tgetent() in -ltermcap... -------------------- no

"gcc -o conftest -I/usr/include/ruby-2.1.0/x86_64-linux -I/usr/include/ruby-2.1.0/ruby/backward -I/usr/include/ruby-2.1.0 -I. -D_FORTIFY_SOURCE=2   -march=x86-64 -mtune=generic -O2 -pipe -fstack-protector --param=ssp-buffer-size=4 -fPIC conftest.c  -L. -L/usr/lib -L. -Wl,-O1,--sort-common,--as-needed,-z,relro -fstack-protector -rdynamic -Wl,-export-dynamic     -lruby -ltermcap  -lpthread -lgmp -ldl -lcrypt -lm   -lc"
conftest.c: In function ‘t’:
conftest.c:13:57: error: ‘tgetent’ undeclared (first use in this function)
 int t(void) { void ((*volatile p)()); p = (void ((*)()))tgetent; return 0; }
                                                         ^
conftest.c:13:57: note: each undeclared identifier is reported only once for each function it appears in
checked program was:
/* begin */
 1: #include "ruby.h"
 2: 
 3: /*top*/
 4: extern int t(void);
 5: int main(int argc, char **argv)
 6: {
 7:   if (argc > 1000000) {
 8:     printf("%p", &t);
 9:   }
10: 
11:   return 0;
12: }
13: int t(void) { void ((*volatile p)()); p = (void ((*)()))tgetent; return 0; }
/* end */

"gcc -o conftest -I/usr/include/ruby-2.1.0/x86_64-linux -I/usr/include/ruby-2.1.0/ruby/backward -I/usr/include/ruby-2.1.0 -I. -D_FORTIFY_SOURCE=2   -march=x86-64 -mtune=generic -O2 -pipe -fstack-protector --param=ssp-buffer-size=4 -fPIC conftest.c  -L. -L/usr/lib -L. -Wl,-O1,--sort-common,--as-needed,-z,relro -fstack-protector -rdynamic -Wl,-export-dynamic     -lruby -ltermcap  -lpthread -lgmp -ldl -lcrypt -lm   -lc"
/usr/bin/ld: cannot find -ltermcap
collect2: error: ld returned 1 exit status
checked program was:
/* begin */
 1: #include "ruby.h"
 2: 
 3: /*top*/
 4: extern int t(void);
 5: int main(int argc, char **argv)
 6: {
 7:   if (argc > 1000000) {
 8:     printf("%p", &t);
 9:   }
10: 
11:   return 0;
12: }
13: int t(void) { tgetent(); return 0; }
/* end */

--------------------

have_header: checking for ncurses.h... -------------------- yes

"gcc -E -I/usr/include/ruby-2.1.0/x86_64-linux -I/usr/include/ruby-2.1.0/ruby/backward -I/usr/include/ruby-2.1.0 -I. -D_FORTIFY_SOURCE=2   -march=x86-64 -mtune=generic -O2 -pipe -fstack-protector --param=ssp-buffer-size=4 -fPIC  conftest.c -o conftest.i"
checked program was:
/* begin */
1: #include "ruby.h"
2: 
3: #include <ncurses.h>
/* end */

--------------------

have_library: checking for initscr() in -lncursesw... -------------------- yes

"gcc -o conftest -I/usr/include/ruby-2.1.0/x86_64-linux -I/usr/include/ruby-2.1.0/ruby/backward -I/usr/include/ruby-2.1.0 -I. -D_FORTIFY_SOURCE=2   -march=x86-64 -mtune=generic -O2 -pipe -fstack-protector --param=ssp-buffer-size=4 -fPIC conftest.c  -L. -L/usr/lib -L. -Wl,-O1,--sort-common,--as-needed,-z,relro -fstack-protector -rdynamic -Wl,-export-dynamic     -lruby -lncursesw  -lpthread -lgmp -ldl -lcrypt -lm   -lc"
checked program was:
/* begin */
 1: #include "ruby.h"
 2: 
 3: #include <ncurses.h>
 4: 
 5: /*top*/
 6: extern int t(void);
 7: int main(int argc, char **argv)
 8: {
 9:   if (argc > 1000000) {
10:     printf("%p", &t);
11:   }
12: 
13:   return 0;
14: }
15: int t(void) { void ((*volatile p)()); p = (void ((*)()))initscr; return 0; }
/* end */

--------------------

have_func: checking for beep()... -------------------- yes

"gcc -o conftest -I/usr/include/ruby-2.1.0/x86_64-linux -I/usr/include/ruby-2.1.0/ruby/backward -I/usr/include/ruby-2.1.0 -I. -D_FORTIFY_SOURCE=2   -march=x86-64 -mtune=generic -O2 -pipe -fstack-protector --param=ssp-buffer-size=4 -fPIC conftest.c  -L. -L/usr/lib -L. -Wl,-O1,--sort-common,--as-needed,-z,relro -fstack-protector -rdynamic -Wl,-export-dynamic    -lncursesw  -lruby -lncursesw  -lpthread -lgmp -ldl -lcrypt -lm   -lc"
conftest.c: In function ‘t’:
conftest.c:13:57: error: ‘beep’ undeclared (first use in this function)
 int t(void) { void ((*volatile p)()); p = (void ((*)()))beep; return 0; }
                                                         ^
conftest.c:13:57: note: each undeclared identifier is reported only once for each function it appears in
checked program was:
/* begin */
 1: #include "ruby.h"
 2: 
 3: /*top*/
 4: extern int t(void);
 5: int main(int argc, char **argv)
 6: {
 7:   if (argc > 1000000) {
 8:     printf("%p", &t);
 9:   }
10: 
11:   return 0;
12: }
13: int t(void) { void ((*volatile p)()); p = (void ((*)()))beep; return 0; }
/* end */

"gcc -o conftest -I/usr/include/ruby-2.1.0/x86_64-linux -I/usr/include/ruby-2.1.0/ruby/backward -I/usr/include/ruby-2.1.0 -I. -D_FORTIFY_SOURCE=2   -march=x86-64 -mtune=generic -O2 -pipe -fstack-protector --param=ssp-buffer-size=4 -fPIC conftest.c  -L. -L/usr/lib -L. -Wl,-O1,--sort-common,--as-needed,-z,relro -fstack-protector -rdynamic -Wl,-export-dynamic    -lncursesw  -lruby -lncursesw  -lpthread -lgmp -ldl -lcrypt -lm   -lc"
checked program was:
/* begin */
 1: #include "ruby.h"
 2: 
 3: /*top*/
 4: extern int t(void);
 5: int main(int argc, char **argv)
 6: {
 7:   if (argc > 1000000) {
 8:     printf("%p", &t);
 9:   }
10: 
11:   return 0;
12: }
13: int t(void) { beep(); return 0; }
/* end */

--------------------

have_func: checking for bkgd()... -------------------- yes

"gcc -o conftest -I/usr/include/ruby-2.1.0/x86_64-linux -I/usr/include/ruby-2.1.0/ruby/backward -I/usr/include/ruby-2.1.0 -I. -D_FORTIFY_SOURCE=2   -march=x86-64 -mtune=generic -O2 -pipe -fstack-protector --param=ssp-buffer-size=4 -fPIC conftest.c  -L. -L/usr/lib -L. -Wl,-O1,--sort-common,--as-needed,-z,relro -fstack-protector -rdynamic -Wl,-export-dynamic    -lncursesw  -lruby -lncursesw  -lpthread -lgmp -ldl -lcrypt -lm   -lc"
conftest.c: In function ‘t’:
conftest.c:13:57: error: ‘bkgd’ undeclared (first use in this function)
 int t(void) { void ((*volatile p)()); p = (void ((*)()))bkgd; return 0; }
                                                         ^
conftest.c:13:57: note: each undeclared identifier is reported only once for each function it appears in
checked program was:
/* begin */
 1: #include "ruby.h"
 2: 
 3: /*top*/
 4: extern int t(void);
 5: int main(int argc, char **argv)
 6: {
 7:   if (argc > 1000000) {
 8:     printf("%p", &t);
 9:   }
10: 
11:   return 0;
12: }
13: int t(void) { void ((*volatile p)()); p = (void ((*)()))bkgd; return 0; }
/* end */

"gcc -o conftest -I/usr/include/ruby-2.1.0/x86_64-linux -I/usr/include/ruby-2.1.0/ruby/backward -I/usr/include/ruby-2.1.0 -I. -D_FORTIFY_SOURCE=2   -march=x86-64 -mtune=generic -O2 -pipe -fstack-protector --param=ssp-buffer-size=4 -fPIC conftest.c  -L. -L/usr/lib -L. -Wl,-O1,--sort-common,--as-needed,-z,relro -fstack-protector -rdynamic -Wl,-export-dynamic    -lncursesw  -lruby -lncursesw  -lpthread -lgmp -ldl -lcrypt -lm   -lc"
checked program was:
/* begin */
 1: #include "ruby.h"
 2: 
 3: /*top*/
 4: extern int t(void);
 5: int main(int argc, char **argv)
 6: {
 7:   if (argc > 1000000) {
 8:     printf("%p", &t);
 9:   }
10: 
11:   return 0;
12: }
13: int t(void) { bkgd(); return 0; }
/* end */

--------------------

have_func: checking for bkgdset()... -------------------- yes

"gcc -o conftest -I/usr/include/ruby-2.1.0/x86_64-linux -I/usr/include/ruby-2.1.0/ruby/backward -I/usr/include/ruby-2.1.0 -I. -D_FORTIFY_SOURCE=2   -march=x86-64 -mtune=generic -O2 -pipe -fstack-protector --param=ssp-buffer-size=4 -fPIC conftest.c  -L. -L/usr/lib -L. -Wl,-O1,--sort-common,--as-needed,-z,relro -fstack-protector -rdynamic -Wl,-export-dynamic    -lncursesw  -lruby -lncursesw  -lpthread -lgmp -ldl -lcrypt -lm   -lc"
conftest.c: In function ‘t’:
conftest.c:13:57: error: ‘bkgdset’ undeclared (first use in this function)
 int t(void) { void ((*volatile p)()); p = (void ((*)()))bkgdset; return 0; }
                                                         ^
conftest.c:13:57: note: each undeclared identifier is reported only once for each function it appears in
checked program was:
/* begin */
 1: #include "ruby.h"
 2: 
 3: /*top*/
 4: extern int t(void);
 5: int main(int argc, char **argv)
 6: {
 7:   if (argc > 1000000) {
 8:     printf("%p", &t);
 9:   }
10: 
11:   return 0;
12: }
13: int t(void) { void ((*volatile p)()); p = (void ((*)()))bkgdset; return 0; }
/* end */

"gcc -o conftest -I/usr/include/ruby-2.1.0/x86_64-linux -I/usr/include/ruby-2.1.0/ruby/backward -I/usr/include/ruby-2.1.0 -I. -D_FORTIFY_SOURCE=2   -march=x86-64 -mtune=generic -O2 -pipe -fstack-protector --param=ssp-buffer-size=4 -fPIC conftest.c  -L. -L/usr/lib -L. -Wl,-O1,--sort-common,--as-needed,-z,relro -fstack-protector -rdynamic -Wl,-export-dynamic    -lncursesw  -lruby -lncursesw  -lpthread -lgmp -ldl -lcrypt -lm   -lc"
checked program was:
/* begin */
 1: #include "ruby.h"
 2: 
 3: /*top*/
 4: extern int t(void);
 5: int main(int argc, char **argv)
 6: {
 7:   if (argc > 1000000) {
 8:     printf("%p", &t);
 9:   }
10: 
11:   return 0;
12: }
13: int t(void) { bkgdset(); return 0; }
/* end */

--------------------

have_func: checking for curs_set()... -------------------- yes

"gcc -o conftest -I/usr/include/ruby-2.1.0/x86_64-linux -I/usr/include/ruby-2.1.0/ruby/backward -I/usr/include/ruby-2.1.0 -I. -D_FORTIFY_SOURCE=2   -march=x86-64 -mtune=generic -O2 -pipe -fstack-protector --param=ssp-buffer-size=4 -fPIC conftest.c  -L. -L/usr/lib -L. -Wl,-O1,--sort-common,--as-needed,-z,relro -fstack-protector -rdynamic -Wl,-export-dynamic    -lncursesw  -lruby -lncursesw  -lpthread -lgmp -ldl -lcrypt -lm   -lc"
conftest.c: In function ‘t’:
conftest.c:13:57: error: ‘curs_set’ undeclared (first use in this function)
 int t(void) { void ((*volatile p)()); p = (void ((*)()))curs_set; return 0; }
                                                         ^
conftest.c:13:57: note: each undeclared identifier is reported only once for each function it appears in
checked program was:
/* begin */
 1: #include "ruby.h"
 2: 
 3: /*top*/
 4: extern int t(void);
 5: int main(int argc, char **argv)
 6: {
 7:   if (argc > 1000000) {
 8:     printf("%p", &t);
 9:   }
10: 
11:   return 0;
12: }
13: int t(void) { void ((*volatile p)()); p = (void ((*)()))curs_set; return 0; }
/* end */

"gcc -o conftest -I/usr/include/ruby-2.1.0/x86_64-linux -I/usr/include/ruby-2.1.0/ruby/backward -I/usr/include/ruby-2.1.0 -I. -D_FORTIFY_SOURCE=2   -march=x86-64 -mtune=generic -O2 -pipe -fstack-protector --param=ssp-buffer-size=4 -fPIC conftest.c  -L. -L/usr/lib -L. -Wl,-O1,--sort-common,--as-needed,-z,relro -fstack-protector -rdynamic -Wl,-export-dynamic    -lncursesw  -lruby -lncursesw  -lpthread -lgmp -ldl -lcrypt -lm   -lc"
checked program was:
/* begin */
 1: #include "ruby.h"
 2: 
 3: /*top*/
 4: extern int t(void);
 5: int main(int argc, char **argv)
 6: {
 7:   if (argc > 1000000) {
 8:     printf("%p", &t);
 9:   }
10: 
11:   return 0;
12: }
13: int t(void) { curs_set(); return 0; }
/* end */

--------------------

have_func: checking for deleteln()... -------------------- yes

"gcc -o conftest -I/usr/include/ruby-2.1.0/x86_64-linux -I/usr/include/ruby-2.1.0/ruby/backward -I/usr/include/ruby-2.1.0 -I. -D_FORTIFY_SOURCE=2   -march=x86-64 -mtune=generic -O2 -pipe -fstack-protector --param=ssp-buffer-size=4 -fPIC conftest.c  -L. -L/usr/lib -L. -Wl,-O1,--sort-common,--as-needed,-z,relro -fstack-protector -rdynamic -Wl,-export-dynamic    -lncursesw  -lruby -lncursesw  -lpthread -lgmp -ldl -lcrypt -lm   -lc"
conftest.c: In function ‘t’:
conftest.c:13:57: error: ‘deleteln’ undeclared (first use in this function)
 int t(void) { void ((*volatile p)()); p = (void ((*)()))deleteln; return 0; }
                                                         ^
conftest.c:13:57: note: each undeclared identifier is reported only once for each function it appears in
checked program was:
/* begin */
 1: #include "ruby.h"
 2: 
 3: /*top*/
 4: extern int t(void);
 5: int main(int argc, char **argv)
 6: {
 7:   if (argc > 1000000) {
 8:     printf("%p", &t);
 9:   }
10: 
11:   return 0;
12: }
13: int t(void) { void ((*volatile p)()); p = (void ((*)()))deleteln; return 0; }
/* end */

"gcc -o conftest -I/usr/include/ruby-2.1.0/x86_64-linux -I/usr/include/ruby-2.1.0/ruby/backward -I/usr/include/ruby-2.1.0 -I. -D_FORTIFY_SOURCE=2   -march=x86-64 -mtune=generic -O2 -pipe -fstack-protector --param=ssp-buffer-size=4 -fPIC conftest.c  -L. -L/usr/lib -L. -Wl,-O1,--sort-common,--as-needed,-z,relro -fstack-protector -rdynamic -Wl,-export-dynamic    -lncursesw  -lruby -lncursesw  -lpthread -lgmp -ldl -lcrypt -lm   -lc"
checked program was:
/* begin */
 1: #include "ruby.h"
 2: 
 3: /*top*/
 4: extern int t(void);
 5: int main(int argc, char **argv)
 6: {
 7:   if (argc > 1000000) {
 8:     printf("%p", &t);
 9:   }
10: 
11:   return 0;
12: }
13: int t(void) { deleteln(); return 0; }
/* end */

--------------------

have_func: checking for doupdate()... -------------------- yes

"gcc -o conftest -I/usr/include/ruby-2.1.0/x86_64-linux -I/usr/include/ruby-2.1.0/ruby/backward -I/usr/include/ruby-2.1.0 -I. -D_FORTIFY_SOURCE=2   -march=x86-64 -mtune=generic -O2 -pipe -fstack-protector --param=ssp-buffer-size=4 -fPIC conftest.c  -L. -L/usr/lib -L. -Wl,-O1,--sort-common,--as-needed,-z,relro -fstack-protector -rdynamic -Wl,-export-dynamic    -lncursesw  -lruby -lncursesw  -lpthread -lgmp -ldl -lcrypt -lm   -lc"
conftest.c: In function ‘t’:
conftest.c:13:57: error: ‘doupdate’ undeclared (first use in this function)
 int t(void) { void ((*volatile p)()); p = (void ((*)()))doupdate; return 0; }
                                                         ^
conftest.c:13:57: note: each undeclared identifier is reported only once for each function it appears in
checked program was:
/* begin */
 1: #include "ruby.h"
 2: 
 3: /*top*/
 4: extern int t(void);
 5: int main(int argc, char **argv)
 6: {
 7:   if (argc > 1000000) {
 8:     printf("%p", &t);
 9:   }
10: 
11:   return 0;
12: }
13: int t(void) { void ((*volatile p)()); p = (void ((*)()))doupdate; return 0; }
/* end */

"gcc -o conftest -I/usr/include/ruby-2.1.0/x86_64-linux -I/usr/include/ruby-2.1.0/ruby/backward -I/usr/include/ruby-2.1.0 -I. -D_FORTIFY_SOURCE=2   -march=x86-64 -mtune=generic -O2 -pipe -fstack-protector --param=ssp-buffer-size=4 -fPIC conftest.c  -L. -L/usr/lib -L. -Wl,-O1,--sort-common,--as-needed,-z,relro -fstack-protector -rdynamic -Wl,-export-dynamic    -lncursesw  -lruby -lncursesw  -lpthread -lgmp -ldl -lcrypt -lm   -lc"
checked program was:
/* begin */
 1: #include "ruby.h"
 2: 
 3: /*top*/
 4: extern int t(void);
 5: int main(int argc, char **argv)
 6: {
 7:   if (argc > 1000000) {
 8:     printf("%p", &t);
 9:   }
10: 
11:   return 0;
12: }
13: int t(void) { doupdate(); return 0; }
/* end */

--------------------

have_func: checking for flash()... -------------------- yes

"gcc -o conftest -I/usr/include/ruby-2.1.0/x86_64-linux -I/usr/include/ruby-2.1.0/ruby/backward -I/usr/include/ruby-2.1.0 -I. -D_FORTIFY_SOURCE=2   -march=x86-64 -mtune=generic -O2 -pipe -fstack-protector --param=ssp-buffer-size=4 -fPIC conftest.c  -L. -L/usr/lib -L. -Wl,-O1,--sort-common,--as-needed,-z,relro -fstack-protector -rdynamic -Wl,-export-dynamic    -lncursesw  -lruby -lncursesw  -lpthread -lgmp -ldl -lcrypt -lm   -lc"
conftest.c: In function ‘t’:
conftest.c:13:57: error: ‘flash’ undeclared (first use in this function)
 int t(void) { void ((*volatile p)()); p = (void ((*)()))flash; return 0; }
                                                         ^
conftest.c:13:57: note: each undeclared identifier is reported only once for each function it appears in
checked program was:
/* begin */
 1: #include "ruby.h"
 2: 
 3: /*top*/
 4: extern int t(void);
 5: int main(int argc, char **argv)
 6: {
 7:   if (argc > 1000000) {
 8:     printf("%p", &t);
 9:   }
10: 
11:   return 0;
12: }
13: int t(void) { void ((*volatile p)()); p = (void ((*)()))flash; return 0; }
/* end */

"gcc -o conftest -I/usr/include/ruby-2.1.0/x86_64-linux -I/usr/include/ruby-2.1.0/ruby/backward -I/usr/include/ruby-2.1.0 -I. -D_FORTIFY_SOURCE=2   -march=x86-64 -mtune=generic -O2 -pipe -fstack-protector --param=ssp-buffer-size=4 -fPIC conftest.c  -L. -L/usr/lib -L. -Wl,-O1,--sort-common,--as-needed,-z,relro -fstack-protector -rdynamic -Wl,-export-dynamic    -lncursesw  -lruby -lncursesw  -lpthread -lgmp -ldl -lcrypt -lm   -lc"
checked program was:
/* begin */
 1: #include "ruby.h"
 2: 
 3: /*top*/
 4: extern int t(void);
 5: int main(int argc, char **argv)
 6: {
 7:   if (argc > 1000000) {
 8:     printf("%p", &t);
 9:   }
10: 
11:   return 0;
12: }
13: int t(void) { flash(); return 0; }
/* end */

--------------------

have_func: checking for getbkgd()... -------------------- yes

"gcc -o conftest -I/usr/include/ruby-2.1.0/x86_64-linux -I/usr/include/ruby-2.1.0/ruby/backward -I/usr/include/ruby-2.1.0 -I. -D_FORTIFY_SOURCE=2   -march=x86-64 -mtune=generic -O2 -pipe -fstack-protector --param=ssp-buffer-size=4 -fPIC conftest.c  -L. -L/usr/lib -L. -Wl,-O1,--sort-common,--as-needed,-z,relro -fstack-protector -rdynamic -Wl,-export-dynamic    -lncursesw  -lruby -lncursesw  -lpthread -lgmp -ldl -lcrypt -lm   -lc"
conftest.c: In function ‘t’:
conftest.c:13:57: error: ‘getbkgd’ undeclared (first use in this function)
 int t(void) { void ((*volatile p)()); p = (void ((*)()))getbkgd; return 0; }
                                                         ^
conftest.c:13:57: note: each undeclared identifier is reported only once for each function it appears in
checked program was:
/* begin */
 1: #include "ruby.h"
 2: 
 3: /*top*/
 4: extern int t(void);
 5: int main(int argc, char **argv)
 6: {
 7:   if (argc > 1000000) {
 8:     printf("%p", &t);
 9:   }
10: 
11:   return 0;
12: }
13: int t(void) { void ((*volatile p)()); p = (void ((*)()))getbkgd; return 0; }
/* end */

"gcc -o conftest -I/usr/include/ruby-2.1.0/x86_64-linux -I/usr/include/ruby-2.1.0/ruby/backward -I/usr/include/ruby-2.1.0 -I. -D_FORTIFY_SOURCE=2   -march=x86-64 -mtune=generic -O2 -pipe -fstack-protector --param=ssp-buffer-size=4 -fPIC conftest.c  -L. -L/usr/lib -L. -Wl,-O1,--sort-common,--as-needed,-z,relro -fstack-protector -rdynamic -Wl,-export-dynamic    -lncursesw  -lruby -lncursesw  -lpthread -lgmp -ldl -lcrypt -lm   -lc"
checked program was:
/* begin */
 1: #include "ruby.h"
 2: 
 3: /*top*/
 4: extern int t(void);
 5: int main(int argc, char **argv)
 6: {
 7:   if (argc > 1000000) {
 8:     printf("%p", &t);
 9:   }
10: 
11:   return 0;
12: }
13: int t(void) { getbkgd(); return 0; }
/* end */

--------------------

have_func: checking for getnstr()... -------------------- yes

"gcc -o conftest -I/usr/include/ruby-2.1.0/x86_64-linux -I/usr/include/ruby-2.1.0/ruby/backward -I/usr/include/ruby-2.1.0 -I. -D_FORTIFY_SOURCE=2   -march=x86-64 -mtune=generic -O2 -pipe -fstack-protector --param=ssp-buffer-size=4 -fPIC conftest.c  -L. -L/usr/lib -L. -Wl,-O1,--sort-common,--as-needed,-z,relro -fstack-protector -rdynamic -Wl,-export-dynamic    -lncursesw  -lruby -lncursesw  -lpthread -lgmp -ldl -lcrypt -lm   -lc"
conftest.c: In function ‘t’:
conftest.c:13:57: error: ‘getnstr’ undeclared (first use in this function)
 int t(void) { void ((*volatile p)()); p = (void ((*)()))getnstr; return 0; }
                                                         ^
conftest.c:13:57: note: each undeclared identifier is reported only once for each function it appears in
checked program was:
/* begin */
 1: #include "ruby.h"
 2: 
 3: /*top*/
 4: extern int t(void);
 5: int main(int argc, char **argv)
 6: {
 7:   if (argc > 1000000) {
 8:     printf("%p", &t);
 9:   }
10: 
11:   return 0;
12: }
13: int t(void) { void ((*volatile p)()); p = (void ((*)()))getnstr; return 0; }
/* end */

"gcc -o conftest -I/usr/include/ruby-2.1.0/x86_64-linux -I/usr/include/ruby-2.1.0/ruby/backward -I/usr/include/ruby-2.1.0 -I. -D_FORTIFY_SOURCE=2   -march=x86-64 -mtune=generic -O2 -pipe -fstack-protector --param=ssp-buffer-size=4 -fPIC conftest.c  -L. -L/usr/lib -L. -Wl,-O1,--sort-common,--as-needed,-z,relro -fstack-protector -rdynamic -Wl,-export-dynamic    -lncursesw  -lruby -lncursesw  -lpthread -lgmp -ldl -lcrypt -lm   -lc"
checked program was:
/* begin */
 1: #include "ruby.h"
 2: 
 3: /*top*/
 4: extern int t(void);
 5: int main(int argc, char **argv)
 6: {
 7:   if (argc > 1000000) {
 8:     printf("%p", &t);
 9:   }
10: 
11:   return 0;
12: }
13: int t(void) { getnstr(); return 0; }
/* end */

--------------------

have_func: checking for init()... -------------------- no

"gcc -o conftest -I/usr/include/ruby-2.1.0/x86_64-linux -I/usr/include/ruby-2.1.0/ruby/backward -I/usr/include/ruby-2.1.0 -I. -D_FORTIFY_SOURCE=2   -march=x86-64 -mtune=generic -O2 -pipe -fstack-protector --param=ssp-buffer-size=4 -fPIC conftest.c  -L. -L/usr/lib -L. -Wl,-O1,--sort-common,--as-needed,-z,relro -fstack-protector -rdynamic -Wl,-export-dynamic    -lncursesw  -lruby -lncursesw  -lpthread -lgmp -ldl -lcrypt -lm   -lc"
conftest.c: In function ‘t’:
conftest.c:13:57: error: ‘init’ undeclared (first use in this function)
 int t(void) { void ((*volatile p)()); p = (void ((*)()))init; return 0; }
                                                         ^
conftest.c:13:57: note: each undeclared identifier is reported only once for each function it appears in
checked program was:
/* begin */
 1: #include "ruby.h"
 2: 
 3: /*top*/
 4: extern int t(void);
 5: int main(int argc, char **argv)
 6: {
 7:   if (argc > 1000000) {
 8:     printf("%p", &t);
 9:   }
10: 
11:   return 0;
12: }
13: int t(void) { void ((*volatile p)()); p = (void ((*)()))init; return 0; }
/* end */

"gcc -o conftest -I/usr/include/ruby-2.1.0/x86_64-linux -I/usr/include/ruby-2.1.0/ruby/backward -I/usr/include/ruby-2.1.0 -I. -D_FORTIFY_SOURCE=2   -march=x86-64 -mtune=generic -O2 -pipe -fstack-protector --param=ssp-buffer-size=4 -fPIC conftest.c  -L. -L/usr/lib -L. -Wl,-O1,--sort-common,--as-needed,-z,relro -fstack-protector -rdynamic -Wl,-export-dynamic    -lncursesw  -lruby -lncursesw  -lpthread -lgmp -ldl -lcrypt -lm   -lc"
/tmp/ccG2e3jc.o: In function `t':
conftest.c:(.text+0x7): undefined reference to `init'
collect2: error: ld returned 1 exit status
checked program was:
/* begin */
 1: #include "ruby.h"
 2: 
 3: /*top*/
 4: extern int t(void);
 5: int main(int argc, char **argv)
 6: {
 7:   if (argc > 1000000) {
 8:     printf("%p", &t);
 9:   }
10: 
11:   return 0;
12: }
13: int t(void) { init(); return 0; }
/* end */

--------------------

have_macro: checking for init in ncurses.h... -------------------- no

"gcc -I/usr/include/ruby-2.1.0/x86_64-linux -I/usr/include/ruby-2.1.0/ruby/backward -I/usr/include/ruby-2.1.0 -I. -D_FORTIFY_SOURCE=2   -march=x86-64 -mtune=generic -O2 -pipe -fstack-protector --param=ssp-buffer-size=4 -fPIC   -c conftest.c"
conftest.c:6:3: error: #error 
 # error
   ^
conftest.c:7:1: error: expected identifier or ‘(’ before ‘|’ token
 |:/ === init undefined === /:|
 ^
checked program was:
/* begin */
1: #include "ruby.h"
2: 
3: #include <ncurses.h>
4: /*top*/
5: #ifndef init
6: # error
7: |:/ === init undefined === /:|
8: #endif
/* end */

--------------------

have_func: checking for isendwin()... -------------------- yes

"gcc -o conftest -I/usr/include/ruby-2.1.0/x86_64-linux -I/usr/include/ruby-2.1.0/ruby/backward -I/usr/include/ruby-2.1.0 -I. -D_FORTIFY_SOURCE=2   -march=x86-64 -mtune=generic -O2 -pipe -fstack-protector --param=ssp-buffer-size=4 -fPIC conftest.c  -L. -L/usr/lib -L. -Wl,-O1,--sort-common,--as-needed,-z,relro -fstack-protector -rdynamic -Wl,-export-dynamic    -lncursesw  -lruby -lncursesw  -lpthread -lgmp -ldl -lcrypt -lm   -lc"
conftest.c: In function ‘t’:
conftest.c:13:57: error: ‘isendwin’ undeclared (first use in this function)
 int t(void) { void ((*volatile p)()); p = (void ((*)()))isendwin; return 0; }
                                                         ^
conftest.c:13:57: note: each undeclared identifier is reported only once for each function it appears in
checked program was:
/* begin */
 1: #include "ruby.h"
 2: 
 3: /*top*/
 4: extern int t(void);
 5: int main(int argc, char **argv)
 6: {
 7:   if (argc > 1000000) {
 8:     printf("%p", &t);
 9:   }
10: 
11:   return 0;
12: }
13: int t(void) { void ((*volatile p)()); p = (void ((*)()))isendwin; return 0; }
/* end */

"gcc -o conftest -I/usr/include/ruby-2.1.0/x86_64-linux -I/usr/include/ruby-2.1.0/ruby/backward -I/usr/include/ruby-2.1.0 -I. -D_FORTIFY_SOURCE=2   -march=x86-64 -mtune=generic -O2 -pipe -fstack-protector --param=ssp-buffer-size=4 -fPIC conftest.c  -L. -L/usr/lib -L. -Wl,-O1,--sort-common,--as-needed,-z,relro -fstack-protector -rdynamic -Wl,-export-dynamic    -lncursesw  -lruby -lncursesw  -lpthread -lgmp -ldl -lcrypt -lm   -lc"
checked program was:
/* begin */
 1: #include "ruby.h"
 2: 
 3: /*top*/
 4: extern int t(void);
 5: int main(int argc, char **argv)
 6: {
 7:   if (argc > 1000000) {
 8:     printf("%p", &t);
 9:   }
10: 
11:   return 0;
12: }
13: int t(void) { isendwin(); return 0; }
/* end */

--------------------

have_func: checking for keyname()... -------------------- yes

"gcc -o conftest -I/usr/include/ruby-2.1.0/x86_64-linux -I/usr/include/ruby-2.1.0/ruby/backward -I/usr/include/ruby-2.1.0 -I. -D_FORTIFY_SOURCE=2   -march=x86-64 -mtune=generic -O2 -pipe -fstack-protector --param=ssp-buffer-size=4 -fPIC conftest.c  -L. -L/usr/lib -L. -Wl,-O1,--sort-common,--as-needed,-z,relro -fstack-protector -rdynamic -Wl,-export-dynamic    -lncursesw  -lruby -lncursesw  -lpthread -lgmp -ldl -lcrypt -lm   -lc"
conftest.c: In function ‘t’:
conftest.c:13:57: error: ‘keyname’ undeclared (first use in this function)
 int t(void) { void ((*volatile p)()); p = (void ((*)()))keyname; return 0; }
                                                         ^
conftest.c:13:57: note: each undeclared identifier is reported only once for each function it appears in
checked program was:
/* begin */
 1: #include "ruby.h"
 2: 
 3: /*top*/
 4: extern int t(void);
 5: int main(int argc, char **argv)
 6: {
 7:   if (argc > 1000000) {
 8:     printf("%p", &t);
 9:   }
10: 
11:   return 0;
12: }
13: int t(void) { void ((*volatile p)()); p = (void ((*)()))keyname; return 0; }
/* end */

"gcc -o conftest -I/usr/include/ruby-2.1.0/x86_64-linux -I/usr/include/ruby-2.1.0/ruby/backward -I/usr/include/ruby-2.1.0 -I. -D_FORTIFY_SOURCE=2   -march=x86-64 -mtune=generic -O2 -pipe -fstack-protector --param=ssp-buffer-size=4 -fPIC conftest.c  -L. -L/usr/lib -L. -Wl,-O1,--sort-common,--as-needed,-z,relro -fstack-protector -rdynamic -Wl,-export-dynamic    -lncursesw  -lruby -lncursesw  -lpthread -lgmp -ldl -lcrypt -lm   -lc"
checked program was:
/* begin */
 1: #include "ruby.h"
 2: 
 3: /*top*/
 4: extern int t(void);
 5: int main(int argc, char **argv)
 6: {
 7:   if (argc > 1000000) {
 8:     printf("%p", &t);
 9:   }
10: 
11:   return 0;
12: }
13: int t(void) { keyname(); return 0; }
/* end */

--------------------

have_func: checking for keypad()... -------------------- yes

"gcc -o conftest -I/usr/include/ruby-2.1.0/x86_64-linux -I/usr/include/ruby-2.1.0/ruby/backward -I/usr/include/ruby-2.1.0 -I. -D_FORTIFY_SOURCE=2   -march=x86-64 -mtune=generic -O2 -pipe -fstack-protector --param=ssp-buffer-size=4 -fPIC conftest.c  -L. -L/usr/lib -L. -Wl,-O1,--sort-common,--as-needed,-z,relro -fstack-protector -rdynamic -Wl,-export-dynamic    -lncursesw  -lruby -lncursesw  -lpthread -lgmp -ldl -lcrypt -lm   -lc"
conftest.c: In function ‘t’:
conftest.c:13:57: error: ‘keypad’ undeclared (first use in this function)
 int t(void) { void ((*volatile p)()); p = (void ((*)()))keypad; return 0; }
                                                         ^
conftest.c:13:57: note: each undeclared identifier is reported only once for each function it appears in
checked program was:
/* begin */
 1: #include "ruby.h"
 2: 
 3: /*top*/
 4: extern int t(void);
 5: int main(int argc, char **argv)
 6: {
 7:   if (argc > 1000000) {
 8:     printf("%p", &t);
 9:   }
10: 
11:   return 0;
12: }
13: int t(void) { void ((*volatile p)()); p = (void ((*)()))keypad; return 0; }
/* end */

"gcc -o conftest -I/usr/include/ruby-2.1.0/x86_64-linux -I/usr/include/ruby-2.1.0/ruby/backward -I/usr/include/ruby-2.1.0 -I. -D_FORTIFY_SOURCE=2   -march=x86-64 -mtune=generic -O2 -pipe -fstack-protector --param=ssp-buffer-size=4 -fPIC conftest.c  -L. -L/usr/lib -L. -Wl,-O1,--sort-common,--as-needed,-z,relro -fstack-protector -rdynamic -Wl,-export-dynamic    -lncursesw  -lruby -lncursesw  -lpthread -lgmp -ldl -lcrypt -lm   -lc"
checked program was:
/* begin */
 1: #include "ruby.h"
 2: 
 3: /*top*/
 4: extern int t(void);
 5: int main(int argc, char **argv)
 6: {
 7:   if (argc > 1000000) {
 8:     printf("%p", &t);
 9:   }
10: 
11:   return 0;
12: }
13: int t(void) { keypad(); return 0; }
/* end */

--------------------

have_func: checking for resizeterm()... -------------------- yes

"gcc -o conftest -I/usr/include/ruby-2.1.0/x86_64-linux -I/usr/include/ruby-2.1.0/ruby/backward -I/usr/include/ruby-2.1.0 -I. -D_FORTIFY_SOURCE=2   -march=x86-64 -mtune=generic -O2 -pipe -fstack-protector --param=ssp-buffer-size=4 -fPIC conftest.c  -L. -L/usr/lib -L. -Wl,-O1,--sort-common,--as-needed,-z,relro -fstack-protector -rdynamic -Wl,-export-dynamic    -lncursesw  -lruby -lncursesw  -lpthread -lgmp -ldl -lcrypt -lm   -lc"
conftest.c: In function ‘t’:
conftest.c:13:57: error: ‘resizeterm’ undeclared (first use in this function)
 int t(void) { void ((*volatile p)()); p = (void ((*)()))resizeterm; return 0; }
                                                         ^
conftest.c:13:57: note: each undeclared identifier is reported only once for each function it appears in
checked program was:
/* begin */
 1: #include "ruby.h"
 2: 
 3: /*top*/
 4: extern int t(void);
 5: int main(int argc, char **argv)
 6: {
 7:   if (argc > 1000000) {
 8:     printf("%p", &t);
 9:   }
10: 
11:   return 0;
12: }
13: int t(void) { void ((*volatile p)()); p = (void ((*)()))resizeterm; return 0; }
/* end */

"gcc -o conftest -I/usr/include/ruby-2.1.0/x86_64-linux -I/usr/include/ruby-2.1.0/ruby/backward -I/usr/include/ruby-2.1.0 -I. -D_FORTIFY_SOURCE=2   -march=x86-64 -mtune=generic -O2 -pipe -fstack-protector --param=ssp-buffer-size=4 -fPIC conftest.c  -L. -L/usr/lib -L. -Wl,-O1,--sort-common,--as-needed,-z,relro -fstack-protector -rdynamic -Wl,-export-dynamic    -lncursesw  -lruby -lncursesw  -lpthread -lgmp -ldl -lcrypt -lm   -lc"
checked program was:
/* begin */
 1: #include "ruby.h"
 2: 
 3: /*top*/
 4: extern int t(void);
 5: int main(int argc, char **argv)
 6: {
 7:   if (argc > 1000000) {
 8:     printf("%p", &t);
 9:   }
10: 
11:   return 0;
12: }
13: int t(void) { resizeterm(); return 0; }
/* end */

--------------------

have_func: checking for scrl()... -------------------- yes

"gcc -o conftest -I/usr/include/ruby-2.1.0/x86_64-linux -I/usr/include/ruby-2.1.0/ruby/backward -I/usr/include/ruby-2.1.0 -I. -D_FORTIFY_SOURCE=2   -march=x86-64 -mtune=generic -O2 -pipe -fstack-protector --param=ssp-buffer-size=4 -fPIC conftest.c  -L. -L/usr/lib -L. -Wl,-O1,--sort-common,--as-needed,-z,relro -fstack-protector -rdynamic -Wl,-export-dynamic    -lncursesw  -lruby -lncursesw  -lpthread -lgmp -ldl -lcrypt -lm   -lc"
conftest.c: In function ‘t’:
conftest.c:13:57: error: ‘scrl’ undeclared (first use in this function)
 int t(void) { void ((*volatile p)()); p = (void ((*)()))scrl; return 0; }
                                                         ^
conftest.c:13:57: note: each undeclared identifier is reported only once for each function it appears in
checked program was:
/* begin */
 1: #include "ruby.h"
 2: 
 3: /*top*/
 4: extern int t(void);
 5: int main(int argc, char **argv)
 6: {
 7:   if (argc > 1000000) {
 8:     printf("%p", &t);
 9:   }
10: 
11:   return 0;
12: }
13: int t(void) { void ((*volatile p)()); p = (void ((*)()))scrl; return 0; }
/* end */

"gcc -o conftest -I/usr/include/ruby-2.1.0/x86_64-linux -I/usr/include/ruby-2.1.0/ruby/backward -I/usr/include/ruby-2.1.0 -I. -D_FORTIFY_SOURCE=2   -march=x86-64 -mtune=generic -O2 -pipe -fstack-protector --param=ssp-buffer-size=4 -fPIC conftest.c  -L. -L/usr/lib -L. -Wl,-O1,--sort-common,--as-needed,-z,relro -fstack-protector -rdynamic -Wl,-export-dynamic    -lncursesw  -lruby -lncursesw  -lpthread -lgmp -ldl -lcrypt -lm   -lc"
checked program was:
/* begin */
 1: #include "ruby.h"
 2: 
 3: /*top*/
 4: extern int t(void);
 5: int main(int argc, char **argv)
 6: {
 7:   if (argc > 1000000) {
 8:     printf("%p", &t);
 9:   }
10: 
11:   return 0;
12: }
13: int t(void) { scrl(); return 0; }
/* end */

--------------------

have_func: checking for set()... -------------------- no

"gcc -o conftest -I/usr/include/ruby-2.1.0/x86_64-linux -I/usr/include/ruby-2.1.0/ruby/backward -I/usr/include/ruby-2.1.0 -I. -D_FORTIFY_SOURCE=2   -march=x86-64 -mtune=generic -O2 -pipe -fstack-protector --param=ssp-buffer-size=4 -fPIC conftest.c  -L. -L/usr/lib -L. -Wl,-O1,--sort-common,--as-needed,-z,relro -fstack-protector -rdynamic -Wl,-export-dynamic    -lncursesw  -lruby -lncursesw  -lpthread -lgmp -ldl -lcrypt -lm   -lc"
conftest.c: In function ‘t’:
conftest.c:13:57: error: ‘set’ undeclared (first use in this function)
 int t(void) { void ((*volatile p)()); p = (void ((*)()))set; return 0; }
                                                         ^
conftest.c:13:57: note: each undeclared identifier is reported only once for each function it appears in
checked program was:
/* begin */
 1: #include "ruby.h"
 2: 
 3: /*top*/
 4: extern int t(void);
 5: int main(int argc, char **argv)
 6: {
 7:   if (argc > 1000000) {
 8:     printf("%p", &t);
 9:   }
10: 
11:   return 0;
12: }
13: int t(void) { void ((*volatile p)()); p = (void ((*)()))set; return 0; }
/* end */

"gcc -o conftest -I/usr/include/ruby-2.1.0/x86_64-linux -I/usr/include/ruby-2.1.0/ruby/backward -I/usr/include/ruby-2.1.0 -I. -D_FORTIFY_SOURCE=2   -march=x86-64 -mtune=generic -O2 -pipe -fstack-protector --param=ssp-buffer-size=4 -fPIC conftest.c  -L. -L/usr/lib -L. -Wl,-O1,--sort-common,--as-needed,-z,relro -fstack-protector -rdynamic -Wl,-export-dynamic    -lncursesw  -lruby -lncursesw  -lpthread -lgmp -ldl -lcrypt -lm   -lc"
/tmp/cc1FF7vY.o: In function `t':
conftest.c:(.text+0x7): undefined reference to `set'
collect2: error: ld returned 1 exit status
checked program was:
/* begin */
 1: #include "ruby.h"
 2: 
 3: /*top*/
 4: extern int t(void);
 5: int main(int argc, char **argv)
 6: {
 7:   if (argc > 1000000) {
 8:     printf("%p", &t);
 9:   }
10: 
11:   return 0;
12: }
13: int t(void) { set(); return 0; }
/* end */

--------------------

have_macro: checking for set in ncurses.h... -------------------- no

"gcc -I/usr/include/ruby-2.1.0/x86_64-linux -I/usr/include/ruby-2.1.0/ruby/backward -I/usr/include/ruby-2.1.0 -I. -D_FORTIFY_SOURCE=2   -march=x86-64 -mtune=generic -O2 -pipe -fstack-protector --param=ssp-buffer-size=4 -fPIC   -c conftest.c"
conftest.c:6:3: error: #error 
 # error
   ^
conftest.c:7:1: error: expected identifier or ‘(’ before ‘|’ token
 |:/ === set undefined === /:|
 ^
checked program was:
/* begin */
1: #include "ruby.h"
2: 
3: #include <ncurses.h>
4: /*top*/
5: #ifndef set
6: # error
7: |:/ === set undefined === /:|
8: #endif
/* end */

--------------------

have_func: checking for setscrreg()... -------------------- yes

"gcc -o conftest -I/usr/include/ruby-2.1.0/x86_64-linux -I/usr/include/ruby-2.1.0/ruby/backward -I/usr/include/ruby-2.1.0 -I. -D_FORTIFY_SOURCE=2   -march=x86-64 -mtune=generic -O2 -pipe -fstack-protector --param=ssp-buffer-size=4 -fPIC conftest.c  -L. -L/usr/lib -L. -Wl,-O1,--sort-common,--as-needed,-z,relro -fstack-protector -rdynamic -Wl,-export-dynamic    -lncursesw  -lruby -lncursesw  -lpthread -lgmp -ldl -lcrypt -lm   -lc"
conftest.c: In function ‘t’:
conftest.c:13:57: error: ‘setscrreg’ undeclared (first use in this function)
 int t(void) { void ((*volatile p)()); p = (void ((*)()))setscrreg; return 0; }
                                                         ^
conftest.c:13:57: note: each undeclared identifier is reported only once for each function it appears in
checked program was:
/* begin */
 1: #include "ruby.h"
 2: 
 3: /*top*/
 4: extern int t(void);
 5: int main(int argc, char **argv)
 6: {
 7:   if (argc > 1000000) {
 8:     printf("%p", &t);
 9:   }
10: 
11:   return 0;
12: }
13: int t(void) { void ((*volatile p)()); p = (void ((*)()))setscrreg; return 0; }
/* end */

"gcc -o conftest -I/usr/include/ruby-2.1.0/x86_64-linux -I/usr/include/ruby-2.1.0/ruby/backward -I/usr/include/ruby-2.1.0 -I. -D_FORTIFY_SOURCE=2   -march=x86-64 -mtune=generic -O2 -pipe -fstack-protector --param=ssp-buffer-size=4 -fPIC conftest.c  -L. -L/usr/lib -L. -Wl,-O1,--sort-common,--as-needed,-z,relro -fstack-protector -rdynamic -Wl,-export-dynamic    -lncursesw  -lruby -lncursesw  -lpthread -lgmp -ldl -lcrypt -lm   -lc"
checked program was:
/* begin */
 1: #include "ruby.h"
 2: 
 3: /*top*/
 4: extern int t(void);
 5: int main(int argc, char **argv)
 6: {
 7:   if (argc > 1000000) {
 8:     printf("%p", &t);
 9:   }
10: 
11:   return 0;
12: }
13: int t(void) { setscrreg(); return 0; }
/* end */

--------------------

have_func: checking for ungetch()... -------------------- yes

"gcc -o conftest -I/usr/include/ruby-2.1.0/x86_64-linux -I/usr/include/ruby-2.1.0/ruby/backward -I/usr/include/ruby-2.1.0 -I. -D_FORTIFY_SOURCE=2   -march=x86-64 -mtune=generic -O2 -pipe -fstack-protector --param=ssp-buffer-size=4 -fPIC conftest.c  -L. -L/usr/lib -L. -Wl,-O1,--sort-common,--as-needed,-z,relro -fstack-protector -rdynamic -Wl,-export-dynamic    -lncursesw  -lruby -lncursesw  -lpthread -lgmp -ldl -lcrypt -lm   -lc"
conftest.c: In function ‘t’:
conftest.c:13:57: error: ‘ungetch’ undeclared (first use in this function)
 int t(void) { void ((*volatile p)()); p = (void ((*)()))ungetch; return 0; }
                                                         ^
conftest.c:13:57: note: each undeclared identifier is reported only once for each function it appears in
checked program was:
/* begin */
 1: #include "ruby.h"
 2: 
 3: /*top*/
 4: extern int t(void);
 5: int main(int argc, char **argv)
 6: {
 7:   if (argc > 1000000) {
 8:     printf("%p", &t);
 9:   }
10: 
11:   return 0;
12: }
13: int t(void) { void ((*volatile p)()); p = (void ((*)()))ungetch; return 0; }
/* end */

"gcc -o conftest -I/usr/include/ruby-2.1.0/x86_64-linux -I/usr/include/ruby-2.1.0/ruby/backward -I/usr/include/ruby-2.1.0 -I. -D_FORTIFY_SOURCE=2   -march=x86-64 -mtune=generic -O2 -pipe -fstack-protector --param=ssp-buffer-size=4 -fPIC conftest.c  -L. -L/usr/lib -L. -Wl,-O1,--sort-common,--as-needed,-z,relro -fstack-protector -rdynamic -Wl,-export-dynamic    -lncursesw  -lruby -lncursesw  -lpthread -lgmp -ldl -lcrypt -lm   -lc"
checked program was:
/* begin */
 1: #include "ruby.h"
 2: 
 3: /*top*/
 4: extern int t(void);
 5: int main(int argc, char **argv)
 6: {
 7:   if (argc > 1000000) {
 8:     printf("%p", &t);
 9:   }
10: 
11:   return 0;
12: }
13: int t(void) { ungetch(); return 0; }
/* end */

--------------------

have_func: checking for wattroff()... -------------------- yes

"gcc -o conftest -I/usr/include/ruby-2.1.0/x86_64-linux -I/usr/include/ruby-2.1.0/ruby/backward -I/usr/include/ruby-2.1.0 -I. -D_FORTIFY_SOURCE=2   -march=x86-64 -mtune=generic -O2 -pipe -fstack-protector --param=ssp-buffer-size=4 -fPIC conftest.c  -L. -L/usr/lib -L. -Wl,-O1,--sort-common,--as-needed,-z,relro -fstack-protector -rdynamic -Wl,-export-dynamic    -lncursesw  -lruby -lncursesw  -lpthread -lgmp -ldl -lcrypt -lm   -lc"
conftest.c: In function ‘t’:
conftest.c:13:57: error: ‘wattroff’ undeclared (first use in this function)
 int t(void) { void ((*volatile p)()); p = (void ((*)()))wattroff; return 0; }
                                                         ^
conftest.c:13:57: note: each undeclared identifier is reported only once for each function it appears in
checked program was:
/* begin */
 1: #include "ruby.h"
 2: 
 3: /*top*/
 4: extern int t(void);
 5: int main(int argc, char **argv)
 6: {
 7:   if (argc > 1000000) {
 8:     printf("%p", &t);
 9:   }
10: 
11:   return 0;
12: }
13: int t(void) { void ((*volatile p)()); p = (void ((*)()))wattroff; return 0; }
/* end */

"gcc -o conftest -I/usr/include/ruby-2.1.0/x86_64-linux -I/usr/include/ruby-2.1.0/ruby/backward -I/usr/include/ruby-2.1.0 -I. -D_FORTIFY_SOURCE=2   -march=x86-64 -mtune=generic -O2 -pipe -fstack-protector --param=ssp-buffer-size=4 -fPIC conftest.c  -L. -L/usr/lib -L. -Wl,-O1,--sort-common,--as-needed,-z,relro -fstack-protector -rdynamic -Wl,-export-dynamic    -lncursesw  -lruby -lncursesw  -lpthread -lgmp -ldl -lcrypt -lm   -lc"
checked program was:
/* begin */
 1: #include "ruby.h"
 2: 
 3: /*top*/
 4: extern int t(void);
 5: int main(int argc, char **argv)
 6: {
 7:   if (argc > 1000000) {
 8:     printf("%p", &t);
 9:   }
10: 
11:   return 0;
12: }
13: int t(void) { wattroff(); return 0; }
/* end */

--------------------

have_func: checking for wattron()... -------------------- yes

"gcc -o conftest -I/usr/include/ruby-2.1.0/x86_64-linux -I/usr/include/ruby-2.1.0/ruby/backward -I/usr/include/ruby-2.1.0 -I. -D_FORTIFY_SOURCE=2   -march=x86-64 -mtune=generic -O2 -pipe -fstack-protector --param=ssp-buffer-size=4 -fPIC conftest.c  -L. -L/usr/lib -L. -Wl,-O1,--sort-common,--as-needed,-z,relro -fstack-protector -rdynamic -Wl,-export-dynamic    -lncursesw  -lruby -lncursesw  -lpthread -lgmp -ldl -lcrypt -lm   -lc"
conftest.c: In function ‘t’:
conftest.c:13:57: error: ‘wattron’ undeclared (first use in this function)
 int t(void) { void ((*volatile p)()); p = (void ((*)()))wattron; return 0; }
                                                         ^
conftest.c:13:57: note: each undeclared identifier is reported only once for each function it appears in
checked program was:
/* begin */
 1: #include "ruby.h"
 2: 
 3: /*top*/
 4: extern int t(void);
 5: int main(int argc, char **argv)
 6: {
 7:   if (argc > 1000000) {
 8:     printf("%p", &t);
 9:   }
10: 
11:   return 0;
12: }
13: int t(void) { void ((*volatile p)()); p = (void ((*)()))wattron; return 0; }
/* end */

"gcc -o conftest -I/usr/include/ruby-2.1.0/x86_64-linux -I/usr/include/ruby-2.1.0/ruby/backward -I/usr/include/ruby-2.1.0 -I. -D_FORTIFY_SOURCE=2   -march=x86-64 -mtune=generic -O2 -pipe -fstack-protector --param=ssp-buffer-size=4 -fPIC conftest.c  -L. -L/usr/lib -L. -Wl,-O1,--sort-common,--as-needed,-z,relro -fstack-protector -rdynamic -Wl,-export-dynamic    -lncursesw  -lruby -lncursesw  -lpthread -lgmp -ldl -lcrypt -lm   -lc"
checked program was:
/* begin */
 1: #include "ruby.h"
 2: 
 3: /*top*/
 4: extern int t(void);
 5: int main(int argc, char **argv)
 6: {
 7:   if (argc > 1000000) {
 8:     printf("%p", &t);
 9:   }
10: 
11:   return 0;
12: }
13: int t(void) { wattron(); return 0; }
/* end */

--------------------

have_func: checking for wattrset()... -------------------- yes

"gcc -o conftest -I/usr/include/ruby-2.1.0/x86_64-linux -I/usr/include/ruby-2.1.0/ruby/backward -I/usr/include/ruby-2.1.0 -I. -D_FORTIFY_SOURCE=2   -march=x86-64 -mtune=generic -O2 -pipe -fstack-protector --param=ssp-buffer-size=4 -fPIC conftest.c  -L. -L/usr/lib -L. -Wl,-O1,--sort-common,--as-needed,-z,relro -fstack-protector -rdynamic -Wl,-export-dynamic    -lncursesw  -lruby -lncursesw  -lpthread -lgmp -ldl -lcrypt -lm   -lc"
conftest.c: In function ‘t’:
conftest.c:13:57: error: ‘wattrset’ undeclared (first use in this function)
 int t(void) { void ((*volatile p)()); p = (void ((*)()))wattrset; return 0; }
                                                         ^
conftest.c:13:57: note: each undeclared identifier is reported only once for each function it appears in
checked program was:
/* begin */
 1: #include "ruby.h"
 2: 
 3: /*top*/
 4: extern int t(void);
 5: int main(int argc, char **argv)
 6: {
 7:   if (argc > 1000000) {
 8:     printf("%p", &t);
 9:   }
10: 
11:   return 0;
12: }
13: int t(void) { void ((*volatile p)()); p = (void ((*)()))wattrset; return 0; }
/* end */

"gcc -o conftest -I/usr/include/ruby-2.1.0/x86_64-linux -I/usr/include/ruby-2.1.0/ruby/backward -I/usr/include/ruby-2.1.0 -I. -D_FORTIFY_SOURCE=2   -march=x86-64 -mtune=generic -O2 -pipe -fstack-protector --param=ssp-buffer-size=4 -fPIC conftest.c  -L. -L/usr/lib -L. -Wl,-O1,--sort-common,--as-needed,-z,relro -fstack-protector -rdynamic -Wl,-export-dynamic    -lncursesw  -lruby -lncursesw  -lpthread -lgmp -ldl -lcrypt -lm   -lc"
checked program was:
/* begin */
 1: #include "ruby.h"
 2: 
 3: /*top*/
 4: extern int t(void);
 5: int main(int argc, char **argv)
 6: {
 7:   if (argc > 1000000) {
 8:     printf("%p", &t);
 9:   }
10: 
11:   return 0;
12: }
13: int t(void) { wattrset(); return 0; }
/* end */

--------------------

have_func: checking for wbkgd()... -------------------- yes

"gcc -o conftest -I/usr/include/ruby-2.1.0/x86_64-linux -I/usr/include/ruby-2.1.0/ruby/backward -I/usr/include/ruby-2.1.0 -I. -D_FORTIFY_SOURCE=2   -march=x86-64 -mtune=generic -O2 -pipe -fstack-protector --param=ssp-buffer-size=4 -fPIC conftest.c  -L. -L/usr/lib -L. -Wl,-O1,--sort-common,--as-needed,-z,relro -fstack-protector -rdynamic -Wl,-export-dynamic    -lncursesw  -lruby -lncursesw  -lpthread -lgmp -ldl -lcrypt -lm   -lc"
conftest.c: In function ‘t’:
conftest.c:13:57: error: ‘wbkgd’ undeclared (first use in this function)
 int t(void) { void ((*volatile p)()); p = (void ((*)()))wbkgd; return 0; }
                                                         ^
conftest.c:13:57: note: each undeclared identifier is reported only once for each function it appears in
checked program was:
/* begin */
 1: #include "ruby.h"
 2: 
 3: /*top*/
 4: extern int t(void);
 5: int main(int argc, char **argv)
 6: {
 7:   if (argc > 1000000) {
 8:     printf("%p", &t);
 9:   }
10: 
11:   return 0;
12: }
13: int t(void) { void ((*volatile p)()); p = (void ((*)()))wbkgd; return 0; }
/* end */

"gcc -o conftest -I/usr/include/ruby-2.1.0/x86_64-linux -I/usr/include/ruby-2.1.0/ruby/backward -I/usr/include/ruby-2.1.0 -I. -D_FORTIFY_SOURCE=2   -march=x86-64 -mtune=generic -O2 -pipe -fstack-protector --param=ssp-buffer-size=4 -fPIC conftest.c  -L. -L/usr/lib -L. -Wl,-O1,--sort-common,--as-needed,-z,relro -fstack-protector -rdynamic -Wl,-export-dynamic    -lncursesw  -lruby -lncursesw  -lpthread -lgmp -ldl -lcrypt -lm   -lc"
checked program was:
/* begin */
 1: #include "ruby.h"
 2: 
 3: /*top*/
 4: extern int t(void);
 5: int main(int argc, char **argv)
 6: {
 7:   if (argc > 1000000) {
 8:     printf("%p", &t);
 9:   }
10: 
11:   return 0;
12: }
13: int t(void) { wbkgd(); return 0; }
/* end */

--------------------

have_func: checking for wbkgdset()... -------------------- yes

"gcc -o conftest -I/usr/include/ruby-2.1.0/x86_64-linux -I/usr/include/ruby-2.1.0/ruby/backward -I/usr/include/ruby-2.1.0 -I. -D_FORTIFY_SOURCE=2   -march=x86-64 -mtune=generic -O2 -pipe -fstack-protector --param=ssp-buffer-size=4 -fPIC conftest.c  -L. -L/usr/lib -L. -Wl,-O1,--sort-common,--as-needed,-z,relro -fstack-protector -rdynamic -Wl,-export-dynamic    -lncursesw  -lruby -lncursesw  -lpthread -lgmp -ldl -lcrypt -lm   -lc"
conftest.c: In function ‘t’:
conftest.c:13:57: error: ‘wbkgdset’ undeclared (first use in this function)
 int t(void) { void ((*volatile p)()); p = (void ((*)()))wbkgdset; return 0; }
                                                         ^
conftest.c:13:57: note: each undeclared identifier is reported only once for each function it appears in
checked program was:
/* begin */
 1: #include "ruby.h"
 2: 
 3: /*top*/
 4: extern int t(void);
 5: int main(int argc, char **argv)
 6: {
 7:   if (argc > 1000000) {
 8:     printf("%p", &t);
 9:   }
10: 
11:   return 0;
12: }
13: int t(void) { void ((*volatile p)()); p = (void ((*)()))wbkgdset; return 0; }
/* end */

"gcc -o conftest -I/usr/include/ruby-2.1.0/x86_64-linux -I/usr/include/ruby-2.1.0/ruby/backward -I/usr/include/ruby-2.1.0 -I. -D_FORTIFY_SOURCE=2   -march=x86-64 -mtune=generic -O2 -pipe -fstack-protector --param=ssp-buffer-size=4 -fPIC conftest.c  -L. -L/usr/lib -L. -Wl,-O1,--sort-common,--as-needed,-z,relro -fstack-protector -rdynamic -Wl,-export-dynamic    -lncursesw  -lruby -lncursesw  -lpthread -lgmp -ldl -lcrypt -lm   -lc"
checked program was:
/* begin */
 1: #include "ruby.h"
 2: 
 3: /*top*/
 4: extern int t(void);
 5: int main(int argc, char **argv)
 6: {
 7:   if (argc > 1000000) {
 8:     printf("%p", &t);
 9:   }
10: 
11:   return 0;
12: }
13: int t(void) { wbkgdset(); return 0; }
/* end */

--------------------

have_func: checking for wdeleteln()... -------------------- yes

"gcc -o conftest -I/usr/include/ruby-2.1.0/x86_64-linux -I/usr/include/ruby-2.1.0/ruby/backward -I/usr/include/ruby-2.1.0 -I. -D_FORTIFY_SOURCE=2   -march=x86-64 -mtune=generic -O2 -pipe -fstack-protector --param=ssp-buffer-size=4 -fPIC conftest.c  -L. -L/usr/lib -L. -Wl,-O1,--sort-common,--as-needed,-z,relro -fstack-protector -rdynamic -Wl,-export-dynamic    -lncursesw  -lruby -lncursesw  -lpthread -lgmp -ldl -lcrypt -lm   -lc"
conftest.c: In function ‘t’:
conftest.c:13:57: error: ‘wdeleteln’ undeclared (first use in this function)
 int t(void) { void ((*volatile p)()); p = (void ((*)()))wdeleteln; return 0; }
                                                         ^
conftest.c:13:57: note: each undeclared identifier is reported only once for each function it appears in
checked program was:
/* begin */
 1: #include "ruby.h"
 2: 
 3: /*top*/
 4: extern int t(void);
 5: int main(int argc, char **argv)
 6: {
 7:   if (argc > 1000000) {
 8:     printf("%p", &t);
 9:   }
10: 
11:   return 0;
12: }
13: int t(void) { void ((*volatile p)()); p = (void ((*)()))wdeleteln; return 0; }
/* end */

"gcc -o conftest -I/usr/include/ruby-2.1.0/x86_64-linux -I/usr/include/ruby-2.1.0/ruby/backward -I/usr/include/ruby-2.1.0 -I. -D_FORTIFY_SOURCE=2   -march=x86-64 -mtune=generic -O2 -pipe -fstack-protector --param=ssp-buffer-size=4 -fPIC conftest.c  -L. -L/usr/lib -L. -Wl,-O1,--sort-common,--as-needed,-z,relro -fstack-protector -rdynamic -Wl,-export-dynamic    -lncursesw  -lruby -lncursesw  -lpthread -lgmp -ldl -lcrypt -lm   -lc"
checked program was:
/* begin */
 1: #include "ruby.h"
 2: 
 3: /*top*/
 4: extern int t(void);
 5: int main(int argc, char **argv)
 6: {
 7:   if (argc > 1000000) {
 8:     printf("%p", &t);
 9:   }
10: 
11:   return 0;
12: }
13: int t(void) { wdeleteln(); return 0; }
/* end */

--------------------

have_func: checking for wgetnstr()... -------------------- yes

"gcc -o conftest -I/usr/include/ruby-2.1.0/x86_64-linux -I/usr/include/ruby-2.1.0/ruby/backward -I/usr/include/ruby-2.1.0 -I. -D_FORTIFY_SOURCE=2   -march=x86-64 -mtune=generic -O2 -pipe -fstack-protector --param=ssp-buffer-size=4 -fPIC conftest.c  -L. -L/usr/lib -L. -Wl,-O1,--sort-common,--as-needed,-z,relro -fstack-protector -rdynamic -Wl,-export-dynamic    -lncursesw  -lruby -lncursesw  -lpthread -lgmp -ldl -lcrypt -lm   -lc"
conftest.c: In function ‘t’:
conftest.c:13:57: error: ‘wgetnstr’ undeclared (first use in this function)
 int t(void) { void ((*volatile p)()); p = (void ((*)()))wgetnstr; return 0; }
                                                         ^
conftest.c:13:57: note: each undeclared identifier is reported only once for each function it appears in
checked program was:
/* begin */
 1: #include "ruby.h"
 2: 
 3: /*top*/
 4: extern int t(void);
 5: int main(int argc, char **argv)
 6: {
 7:   if (argc > 1000000) {
 8:     printf("%p", &t);
 9:   }
10: 
11:   return 0;
12: }
13: int t(void) { void ((*volatile p)()); p = (void ((*)()))wgetnstr; return 0; }
/* end */

"gcc -o conftest -I/usr/include/ruby-2.1.0/x86_64-linux -I/usr/include/ruby-2.1.0/ruby/backward -I/usr/include/ruby-2.1.0 -I. -D_FORTIFY_SOURCE=2   -march=x86-64 -mtune=generic -O2 -pipe -fstack-protector --param=ssp-buffer-size=4 -fPIC conftest.c  -L. -L/usr/lib -L. -Wl,-O1,--sort-common,--as-needed,-z,relro -fstack-protector -rdynamic -Wl,-export-dynamic    -lncursesw  -lruby -lncursesw  -lpthread -lgmp -ldl -lcrypt -lm   -lc"
checked program was:
/* begin */
 1: #include "ruby.h"
 2: 
 3: /*top*/
 4: extern int t(void);
 5: int main(int argc, char **argv)
 6: {
 7:   if (argc > 1000000) {
 8:     printf("%p", &t);
 9:   }
10: 
11:   return 0;
12: }
13: int t(void) { wgetnstr(); return 0; }
/* end */

--------------------

have_func: checking for wresize()... -------------------- yes

"gcc -o conftest -I/usr/include/ruby-2.1.0/x86_64-linux -I/usr/include/ruby-2.1.0/ruby/backward -I/usr/include/ruby-2.1.0 -I. -D_FORTIFY_SOURCE=2   -march=x86-64 -mtune=generic -O2 -pipe -fstack-protector --param=ssp-buffer-size=4 -fPIC conftest.c  -L. -L/usr/lib -L. -Wl,-O1,--sort-common,--as-needed,-z,relro -fstack-protector -rdynamic -Wl,-export-dynamic    -lncursesw  -lruby -lncursesw  -lpthread -lgmp -ldl -lcrypt -lm   -lc"
conftest.c: In function ‘t’:
conftest.c:13:57: error: ‘wresize’ undeclared (first use in this function)
 int t(void) { void ((*volatile p)()); p = (void ((*)()))wresize; return 0; }
                                                         ^
conftest.c:13:57: note: each undeclared identifier is reported only once for each function it appears in
checked program was:
/* begin */
 1: #include "ruby.h"
 2: 
 3: /*top*/
 4: extern int t(void);
 5: int main(int argc, char **argv)
 6: {
 7:   if (argc > 1000000) {
 8:     printf("%p", &t);
 9:   }
10: 
11:   return 0;
12: }
13: int t(void) { void ((*volatile p)()); p = (void ((*)()))wresize; return 0; }
/* end */

"gcc -o conftest -I/usr/include/ruby-2.1.0/x86_64-linux -I/usr/include/ruby-2.1.0/ruby/backward -I/usr/include/ruby-2.1.0 -I. -D_FORTIFY_SOURCE=2   -march=x86-64 -mtune=generic -O2 -pipe -fstack-protector --param=ssp-buffer-size=4 -fPIC conftest.c  -L. -L/usr/lib -L. -Wl,-O1,--sort-common,--as-needed,-z,relro -fstack-protector -rdynamic -Wl,-export-dynamic    -lncursesw  -lruby -lncursesw  -lpthread -lgmp -ldl -lcrypt -lm   -lc"
checked program was:
/* begin */
 1: #include "ruby.h"
 2: 
 3: /*top*/
 4: extern int t(void);
 5: int main(int argc, char **argv)
 6: {
 7:   if (argc > 1000000) {
 8:     printf("%p", &t);
 9:   }
10: 
11:   return 0;
12: }
13: int t(void) { wresize(); return 0; }
/* end */

--------------------

have_func: checking for wscrl()... -------------------- yes

"gcc -o conftest -I/usr/include/ruby-2.1.0/x86_64-linux -I/usr/include/ruby-2.1.0/ruby/backward -I/usr/include/ruby-2.1.0 -I. -D_FORTIFY_SOURCE=2   -march=x86-64 -mtune=generic -O2 -pipe -fstack-protector --param=ssp-buffer-size=4 -fPIC conftest.c  -L. -L/usr/lib -L. -Wl,-O1,--sort-common,--as-needed,-z,relro -fstack-protector -rdynamic -Wl,-export-dynamic    -lncursesw  -lruby -lncursesw  -lpthread -lgmp -ldl -lcrypt -lm   -lc"
conftest.c: In function ‘t’:
conftest.c:13:57: error: ‘wscrl’ undeclared (first use in this function)
 int t(void) { void ((*volatile p)()); p = (void ((*)()))wscrl; return 0; }
                                                         ^
conftest.c:13:57: note: each undeclared identifier is reported only once for each function it appears in
checked program was:
/* begin */
 1: #include "ruby.h"
 2: 
 3: /*top*/
 4: extern int t(void);
 5: int main(int argc, char **argv)
 6: {
 7:   if (argc > 1000000) {
 8:     printf("%p", &t);
 9:   }
10: 
11:   return 0;
12: }
13: int t(void) { void ((*volatile p)()); p = (void ((*)()))wscrl; return 0; }
/* end */

"gcc -o conftest -I/usr/include/ruby-2.1.0/x86_64-linux -I/usr/include/ruby-2.1.0/ruby/backward -I/usr/include/ruby-2.1.0 -I. -D_FORTIFY_SOURCE=2   -march=x86-64 -mtune=generic -O2 -pipe -fstack-protector --param=ssp-buffer-size=4 -fPIC conftest.c  -L. -L/usr/lib -L. -Wl,-O1,--sort-common,--as-needed,-z,relro -fstack-protector -rdynamic -Wl,-export-dynamic    -lncursesw  -lruby -lncursesw  -lpthread -lgmp -ldl -lcrypt -lm   -lc"
checked program was:
/* begin */
 1: #include "ruby.h"
 2: 
 3: /*top*/
 4: extern int t(void);
 5: int main(int argc, char **argv)
 6: {
 7:   if (argc > 1000000) {
 8:     printf("%p", &t);
 9:   }
10: 
11:   return 0;
12: }
13: int t(void) { wscrl(); return 0; }
/* end */

--------------------

have_func: checking for wsetscrreg()... -------------------- yes

"gcc -o conftest -I/usr/include/ruby-2.1.0/x86_64-linux -I/usr/include/ruby-2.1.0/ruby/backward -I/usr/include/ruby-2.1.0 -I. -D_FORTIFY_SOURCE=2   -march=x86-64 -mtune=generic -O2 -pipe -fstack-protector --param=ssp-buffer-size=4 -fPIC conftest.c  -L. -L/usr/lib -L. -Wl,-O1,--sort-common,--as-needed,-z,relro -fstack-protector -rdynamic -Wl,-export-dynamic    -lncursesw  -lruby -lncursesw  -lpthread -lgmp -ldl -lcrypt -lm   -lc"
conftest.c: In function ‘t’:
conftest.c:13:57: error: ‘wsetscrreg’ undeclared (first use in this function)
 int t(void) { void ((*volatile p)()); p = (void ((*)()))wsetscrreg; return 0; }
                                                         ^
conftest.c:13:57: note: each undeclared identifier is reported only once for each function it appears in
checked program was:
/* begin */
 1: #include "ruby.h"
 2: 
 3: /*top*/
 4: extern int t(void);
 5: int main(int argc, char **argv)
 6: {
 7:   if (argc > 1000000) {
 8:     printf("%p", &t);
 9:   }
10: 
11:   return 0;
12: }
13: int t(void) { void ((*volatile p)()); p = (void ((*)()))wsetscrreg; return 0; }
/* end */

"gcc -o conftest -I/usr/include/ruby-2.1.0/x86_64-linux -I/usr/include/ruby-2.1.0/ruby/backward -I/usr/include/ruby-2.1.0 -I. -D_FORTIFY_SOURCE=2   -march=x86-64 -mtune=generic -O2 -pipe -fstack-protector --param=ssp-buffer-size=4 -fPIC conftest.c  -L. -L/usr/lib -L. -Wl,-O1,--sort-common,--as-needed,-z,relro -fstack-protector -rdynamic -Wl,-export-dynamic    -lncursesw  -lruby -lncursesw  -lpthread -lgmp -ldl -lcrypt -lm   -lc"
checked program was:
/* begin */
 1: #include "ruby.h"
 2: 
 3: /*top*/
 4: extern int t(void);
 5: int main(int argc, char **argv)
 6: {
 7:   if (argc > 1000000) {
 8:     printf("%p", &t);
 9:   }
10: 
11:   return 0;
12: }
13: int t(void) { wsetscrreg(); return 0; }
/* end */

--------------------

have_func: checking for def_prog_mode()... -------------------- yes

"gcc -o conftest -I/usr/include/ruby-2.1.0/x86_64-linux -I/usr/include/ruby-2.1.0/ruby/backward -I/usr/include/ruby-2.1.0 -I. -D_FORTIFY_SOURCE=2   -march=x86-64 -mtune=generic -O2 -pipe -fstack-protector --param=ssp-buffer-size=4 -fPIC conftest.c  -L. -L/usr/lib -L. -Wl,-O1,--sort-common,--as-needed,-z,relro -fstack-protector -rdynamic -Wl,-export-dynamic    -lncursesw  -lruby -lncursesw  -lpthread -lgmp -ldl -lcrypt -lm   -lc"
conftest.c: In function ‘t’:
conftest.c:13:57: error: ‘def_prog_mode’ undeclared (first use in this function)
 int t(void) { void ((*volatile p)()); p = (void ((*)()))def_prog_mode; return 0; }
                                                         ^
conftest.c:13:57: note: each undeclared identifier is reported only once for each function it appears in
checked program was:
/* begin */
 1: #include "ruby.h"
 2: 
 3: /*top*/
 4: extern int t(void);
 5: int main(int argc, char **argv)
 6: {
 7:   if (argc > 1000000) {
 8:     printf("%p", &t);
 9:   }
10: 
11:   return 0;
12: }
13: int t(void) { void ((*volatile p)()); p = (void ((*)()))def_prog_mode; return 0; }
/* end */

"gcc -o conftest -I/usr/include/ruby-2.1.0/x86_64-linux -I/usr/include/ruby-2.1.0/ruby/backward -I/usr/include/ruby-2.1.0 -I. -D_FORTIFY_SOURCE=2   -march=x86-64 -mtune=generic -O2 -pipe -fstack-protector --param=ssp-buffer-size=4 -fPIC conftest.c  -L. -L/usr/lib -L. -Wl,-O1,--sort-common,--as-needed,-z,relro -fstack-protector -rdynamic -Wl,-export-dynamic    -lncursesw  -lruby -lncursesw  -lpthread -lgmp -ldl -lcrypt -lm   -lc"
checked program was:
/* begin */
 1: #include "ruby.h"
 2: 
 3: /*top*/
 4: extern int t(void);
 5: int main(int argc, char **argv)
 6: {
 7:   if (argc > 1000000) {
 8:     printf("%p", &t);
 9:   }
10: 
11:   return 0;
12: }
13: int t(void) { def_prog_mode(); return 0; }
/* end */

--------------------

have_func: checking for reset_prog_mode()... -------------------- yes

"gcc -o conftest -I/usr/include/ruby-2.1.0/x86_64-linux -I/usr/include/ruby-2.1.0/ruby/backward -I/usr/include/ruby-2.1.0 -I. -D_FORTIFY_SOURCE=2   -march=x86-64 -mtune=generic -O2 -pipe -fstack-protector --param=ssp-buffer-size=4 -fPIC conftest.c  -L. -L/usr/lib -L. -Wl,-O1,--sort-common,--as-needed,-z,relro -fstack-protector -rdynamic -Wl,-export-dynamic    -lncursesw  -lruby -lncursesw  -lpthread -lgmp -ldl -lcrypt -lm   -lc"
conftest.c: In function ‘t’:
conftest.c:13:57: error: ‘reset_prog_mode’ undeclared (first use in this function)
 int t(void) { void ((*volatile p)()); p = (void ((*)()))reset_prog_mode; return 0; }
                                                         ^
conftest.c:13:57: note: each undeclared identifier is reported only once for each function it appears in
checked program was:
/* begin */
 1: #include "ruby.h"
 2: 
 3: /*top*/
 4: extern int t(void);
 5: int main(int argc, char **argv)
 6: {
 7:   if (argc > 1000000) {
 8:     printf("%p", &t);
 9:   }
10: 
11:   return 0;
12: }
13: int t(void) { void ((*volatile p)()); p = (void ((*)()))reset_prog_mode; return 0; }
/* end */

"gcc -o conftest -I/usr/include/ruby-2.1.0/x86_64-linux -I/usr/include/ruby-2.1.0/ruby/backward -I/usr/include/ruby-2.1.0 -I. -D_FORTIFY_SOURCE=2   -march=x86-64 -mtune=generic -O2 -pipe -fstack-protector --param=ssp-buffer-size=4 -fPIC conftest.c  -L. -L/usr/lib -L. -Wl,-O1,--sort-common,--as-needed,-z,relro -fstack-protector -rdynamic -Wl,-export-dynamic    -lncursesw  -lruby -lncursesw  -lpthread -lgmp -ldl -lcrypt -lm   -lc"
checked program was:
/* begin */
 1: #include "ruby.h"
 2: 
 3: /*top*/
 4: extern int t(void);
 5: int main(int argc, char **argv)
 6: {
 7:   if (argc > 1000000) {
 8:     printf("%p", &t);
 9:   }
10: 
11:   return 0;
12: }
13: int t(void) { reset_prog_mode(); return 0; }
/* end */

--------------------

have_func: checking for timeout()... -------------------- yes

"gcc -o conftest -I/usr/include/ruby-2.1.0/x86_64-linux -I/usr/include/ruby-2.1.0/ruby/backward -I/usr/include/ruby-2.1.0 -I. -D_FORTIFY_SOURCE=2   -march=x86-64 -mtune=generic -O2 -pipe -fstack-protector --param=ssp-buffer-size=4 -fPIC conftest.c  -L. -L/usr/lib -L. -Wl,-O1,--sort-common,--as-needed,-z,relro -fstack-protector -rdynamic -Wl,-export-dynamic    -lncursesw  -lruby -lncursesw  -lpthread -lgmp -ldl -lcrypt -lm   -lc"
conftest.c: In function ‘t’:
conftest.c:13:57: error: ‘timeout’ undeclared (first use in this function)
 int t(void) { void ((*volatile p)()); p = (void ((*)()))timeout; return 0; }
                                                         ^
conftest.c:13:57: note: each undeclared identifier is reported only once for each function it appears in
checked program was:
/* begin */
 1: #include "ruby.h"
 2: 
 3: /*top*/
 4: extern int t(void);
 5: int main(int argc, char **argv)
 6: {
 7:   if (argc > 1000000) {
 8:     printf("%p", &t);
 9:   }
10: 
11:   return 0;
12: }
13: int t(void) { void ((*volatile p)()); p = (void ((*)()))timeout; return 0; }
/* end */

"gcc -o conftest -I/usr/include/ruby-2.1.0/x86_64-linux -I/usr/include/ruby-2.1.0/ruby/backward -I/usr/include/ruby-2.1.0 -I. -D_FORTIFY_SOURCE=2   -march=x86-64 -mtune=generic -O2 -pipe -fstack-protector --param=ssp-buffer-size=4 -fPIC conftest.c  -L. -L/usr/lib -L. -Wl,-O1,--sort-common,--as-needed,-z,relro -fstack-protector -rdynamic -Wl,-export-dynamic    -lncursesw  -lruby -lncursesw  -lpthread -lgmp -ldl -lcrypt -lm   -lc"
checked program was:
/* begin */
 1: #include "ruby.h"
 2: 
 3: /*top*/
 4: extern int t(void);
 5: int main(int argc, char **argv)
 6: {
 7:   if (argc > 1000000) {
 8:     printf("%p", &t);
 9:   }
10: 
11:   return 0;
12: }
13: int t(void) { timeout(); return 0; }
/* end */

--------------------

have_func: checking for wtimeout()... -------------------- yes

"gcc -o conftest -I/usr/include/ruby-2.1.0/x86_64-linux -I/usr/include/ruby-2.1.0/ruby/backward -I/usr/include/ruby-2.1.0 -I. -D_FORTIFY_SOURCE=2   -march=x86-64 -mtune=generic -O2 -pipe -fstack-protector --param=ssp-buffer-size=4 -fPIC conftest.c  -L. -L/usr/lib -L. -Wl,-O1,--sort-common,--as-needed,-z,relro -fstack-protector -rdynamic -Wl,-export-dynamic    -lncursesw  -lruby -lncursesw  -lpthread -lgmp -ldl -lcrypt -lm   -lc"
conftest.c: In function ‘t’:
conftest.c:13:57: error: ‘wtimeout’ undeclared (first use in this function)
 int t(void) { void ((*volatile p)()); p = (void ((*)()))wtimeout; return 0; }
                                                         ^
conftest.c:13:57: note: each undeclared identifier is reported only once for each function it appears in
checked program was:
/* begin */
 1: #include "ruby.h"
 2: 
 3: /*top*/
 4: extern int t(void);
 5: int main(int argc, char **argv)
 6: {
 7:   if (argc > 1000000) {
 8:     printf("%p", &t);
 9:   }
10: 
11:   return 0;
12: }
13: int t(void) { void ((*volatile p)()); p = (void ((*)()))wtimeout; return 0; }
/* end */

"gcc -o conftest -I/usr/include/ruby-2.1.0/x86_64-linux -I/usr/include/ruby-2.1.0/ruby/backward -I/usr/include/ruby-2.1.0 -I. -D_FORTIFY_SOURCE=2   -march=x86-64 -mtune=generic -O2 -pipe -fstack-protector --param=ssp-buffer-size=4 -fPIC conftest.c  -L. -L/usr/lib -L. -Wl,-O1,--sort-common,--as-needed,-z,relro -fstack-protector -rdynamic -Wl,-export-dynamic    -lncursesw  -lruby -lncursesw  -lpthread -lgmp -ldl -lcrypt -lm   -lc"
checked program was:
/* begin */
 1: #include "ruby.h"
 2: 
 3: /*top*/
 4: extern int t(void);
 5: int main(int argc, char **argv)
 6: {
 7:   if (argc > 1000000) {
 8:     printf("%p", &t);
 9:   }
10: 
11:   return 0;
12: }
13: int t(void) { wtimeout(); return 0; }
/* end */

--------------------

have_func: checking for nodelay()... -------------------- yes

"gcc -o conftest -I/usr/include/ruby-2.1.0/x86_64-linux -I/usr/include/ruby-2.1.0/ruby/backward -I/usr/include/ruby-2.1.0 -I. -D_FORTIFY_SOURCE=2   -march=x86-64 -mtune=generic -O2 -pipe -fstack-protector --param=ssp-buffer-size=4 -fPIC conftest.c  -L. -L/usr/lib -L. -Wl,-O1,--sort-common,--as-needed,-z,relro -fstack-protector -rdynamic -Wl,-export-dynamic    -lncursesw  -lruby -lncursesw  -lpthread -lgmp -ldl -lcrypt -lm   -lc"
conftest.c: In function ‘t’:
conftest.c:13:57: error: ‘nodelay’ undeclared (first use in this function)
 int t(void) { void ((*volatile p)()); p = (void ((*)()))nodelay; return 0; }
                                                         ^
conftest.c:13:57: note: each undeclared identifier is reported only once for each function it appears in
checked program was:
/* begin */
 1: #include "ruby.h"
 2: 
 3: /*top*/
 4: extern int t(void);
 5: int main(int argc, char **argv)
 6: {
 7:   if (argc > 1000000) {
 8:     printf("%p", &t);
 9:   }
10: 
11:   return 0;
12: }
13: int t(void) { void ((*volatile p)()); p = (void ((*)()))nodelay; return 0; }
/* end */

"gcc -o conftest -I/usr/include/ruby-2.1.0/x86_64-linux -I/usr/include/ruby-2.1.0/ruby/backward -I/usr/include/ruby-2.1.0 -I. -D_FORTIFY_SOURCE=2   -march=x86-64 -mtune=generic -O2 -pipe -fstack-protector --param=ssp-buffer-size=4 -fPIC conftest.c  -L. -L/usr/lib -L. -Wl,-O1,--sort-common,--as-needed,-z,relro -fstack-protector -rdynamic -Wl,-export-dynamic    -lncursesw  -lruby -lncursesw  -lpthread -lgmp -ldl -lcrypt -lm   -lc"
checked program was:
/* begin */
 1: #include "ruby.h"
 2: 
 3: /*top*/
 4: extern int t(void);
 5: int main(int argc, char **argv)
 6: {
 7:   if (argc > 1000000) {
 8:     printf("%p", &t);
 9:   }
10: 
11:   return 0;
12: }
13: int t(void) { nodelay(); return 0; }
/* end */

--------------------

have_func: checking for init_color()... -------------------- yes

"gcc -o conftest -I/usr/include/ruby-2.1.0/x86_64-linux -I/usr/include/ruby-2.1.0/ruby/backward -I/usr/include/ruby-2.1.0 -I. -D_FORTIFY_SOURCE=2   -march=x86-64 -mtune=generic -O2 -pipe -fstack-protector --param=ssp-buffer-size=4 -fPIC conftest.c  -L. -L/usr/lib -L. -Wl,-O1,--sort-common,--as-needed,-z,relro -fstack-protector -rdynamic -Wl,-export-dynamic    -lncursesw  -lruby -lncursesw  -lpthread -lgmp -ldl -lcrypt -lm   -lc"
conftest.c: In function ‘t’:
conftest.c:13:57: error: ‘init_color’ undeclared (first use in this function)
 int t(void) { void ((*volatile p)()); p = (void ((*)()))init_color; return 0; }
                                                         ^
conftest.c:13:57: note: each undeclared identifier is reported only once for each function it appears in
checked program was:
/* begin */
 1: #include "ruby.h"
 2: 
 3: /*top*/
 4: extern int t(void);
 5: int main(int argc, char **argv)
 6: {
 7:   if (argc > 1000000) {
 8:     printf("%p", &t);
 9:   }
10: 
11:   return 0;
12: }
13: int t(void) { void ((*volatile p)()); p = (void ((*)()))init_color; return 0; }
/* end */

"gcc -o conftest -I/usr/include/ruby-2.1.0/x86_64-linux -I/usr/include/ruby-2.1.0/ruby/backward -I/usr/include/ruby-2.1.0 -I. -D_FORTIFY_SOURCE=2   -march=x86-64 -mtune=generic -O2 -pipe -fstack-protector --param=ssp-buffer-size=4 -fPIC conftest.c  -L. -L/usr/lib -L. -Wl,-O1,--sort-common,--as-needed,-z,relro -fstack-protector -rdynamic -Wl,-export-dynamic    -lncursesw  -lruby -lncursesw  -lpthread -lgmp -ldl -lcrypt -lm   -lc"
checked program was:
/* begin */
 1: #include "ruby.h"
 2: 
 3: /*top*/
 4: extern int t(void);
 5: int main(int argc, char **argv)
 6: {
 7:   if (argc > 1000000) {
 8:     printf("%p", &t);
 9:   }
10: 
11:   return 0;
12: }
13: int t(void) { init_color(); return 0; }
/* end */

--------------------

have_func: checking for wcolor_set()... -------------------- yes

"gcc -o conftest -I/usr/include/ruby-2.1.0/x86_64-linux -I/usr/include/ruby-2.1.0/ruby/backward -I/usr/include/ruby-2.1.0 -I. -D_FORTIFY_SOURCE=2   -march=x86-64 -mtune=generic -O2 -pipe -fstack-protector --param=ssp-buffer-size=4 -fPIC conftest.c  -L. -L/usr/lib -L. -Wl,-O1,--sort-common,--as-needed,-z,relro -fstack-protector -rdynamic -Wl,-export-dynamic    -lncursesw  -lruby -lncursesw  -lpthread -lgmp -ldl -lcrypt -lm   -lc"
conftest.c: In function ‘t’:
conftest.c:13:57: error: ‘wcolor_set’ undeclared (first use in this function)
 int t(void) { void ((*volatile p)()); p = (void ((*)()))wcolor_set; return 0; }
                                                         ^
conftest.c:13:57: note: each undeclared identifier is reported only once for each function it appears in
checked program was:
/* begin */
 1: #include "ruby.h"
 2: 
 3: /*top*/
 4: extern int t(void);
 5: int main(int argc, char **argv)
 6: {
 7:   if (argc > 1000000) {
 8:     printf("%p", &t);
 9:   }
10: 
11:   return 0;
12: }
13: int t(void) { void ((*volatile p)()); p = (void ((*)()))wcolor_set; return 0; }
/* end */

"gcc -o conftest -I/usr/include/ruby-2.1.0/x86_64-linux -I/usr/include/ruby-2.1.0/ruby/backward -I/usr/include/ruby-2.1.0 -I. -D_FORTIFY_SOURCE=2   -march=x86-64 -mtune=generic -O2 -pipe -fstack-protector --param=ssp-buffer-size=4 -fPIC conftest.c  -L. -L/usr/lib -L. -Wl,-O1,--sort-common,--as-needed,-z,relro -fstack-protector -rdynamic -Wl,-export-dynamic    -lncursesw  -lruby -lncursesw  -lpthread -lgmp -ldl -lcrypt -lm   -lc"
checked program was:
/* begin */
 1: #include "ruby.h"
 2: 
 3: /*top*/
 4: extern int t(void);
 5: int main(int argc, char **argv)
 6: {
 7:   if (argc > 1000000) {
 8:     printf("%p", &t);
 9:   }
10: 
11:   return 0;
12: }
13: int t(void) { wcolor_set(); return 0; }
/* end */

--------------------

have_func: checking for use_default_colors()... -------------------- yes

"gcc -o conftest -I/usr/include/ruby-2.1.0/x86_64-linux -I/usr/include/ruby-2.1.0/ruby/backward -I/usr/include/ruby-2.1.0 -I. -D_FORTIFY_SOURCE=2   -march=x86-64 -mtune=generic -O2 -pipe -fstack-protector --param=ssp-buffer-size=4 -fPIC conftest.c  -L. -L/usr/lib -L. -Wl,-O1,--sort-common,--as-needed,-z,relro -fstack-protector -rdynamic -Wl,-export-dynamic    -lncursesw  -lruby -lncursesw  -lpthread -lgmp -ldl -lcrypt -lm   -lc"
conftest.c: In function ‘t’:
conftest.c:13:57: error: ‘use_default_colors’ undeclared (first use in this function)
 int t(void) { void ((*volatile p)()); p = (void ((*)()))use_default_colors; return 0; }
                                                         ^
conftest.c:13:57: note: each undeclared identifier is reported only once for each function it appears in
checked program was:
/* begin */
 1: #include "ruby.h"
 2: 
 3: /*top*/
 4: extern int t(void);
 5: int main(int argc, char **argv)
 6: {
 7:   if (argc > 1000000) {
 8:     printf("%p", &t);
 9:   }
10: 
11:   return 0;
12: }
13: int t(void) { void ((*volatile p)()); p = (void ((*)()))use_default_colors; return 0; }
/* end */

"gcc -o conftest -I/usr/include/ruby-2.1.0/x86_64-linux -I/usr/include/ruby-2.1.0/ruby/backward -I/usr/include/ruby-2.1.0 -I. -D_FORTIFY_SOURCE=2   -march=x86-64 -mtune=generic -O2 -pipe -fstack-protector --param=ssp-buffer-size=4 -fPIC conftest.c  -L. -L/usr/lib -L. -Wl,-O1,--sort-common,--as-needed,-z,relro -fstack-protector -rdynamic -Wl,-export-dynamic    -lncursesw  -lruby -lncursesw  -lpthread -lgmp -ldl -lcrypt -lm   -lc"
checked program was:
/* begin */
 1: #include "ruby.h"
 2: 
 3: /*top*/
 4: extern int t(void);
 5: int main(int argc, char **argv)
 6: {
 7:   if (argc > 1000000) {
 8:     printf("%p", &t);
 9:   }
10: 
11:   return 0;
12: }
13: int t(void) { use_default_colors(); return 0; }
/* end */

--------------------

have_func: checking for newpad()... -------------------- yes

"gcc -o conftest -I/usr/include/ruby-2.1.0/x86_64-linux -I/usr/include/ruby-2.1.0/ruby/backward -I/usr/include/ruby-2.1.0 -I. -D_FORTIFY_SOURCE=2   -march=x86-64 -mtune=generic -O2 -pipe -fstack-protector --param=ssp-buffer-size=4 -fPIC conftest.c  -L. -L/usr/lib -L. -Wl,-O1,--sort-common,--as-needed,-z,relro -fstack-protector -rdynamic -Wl,-export-dynamic    -lncursesw  -lruby -lncursesw  -lpthread -lgmp -ldl -lcrypt -lm   -lc"
conftest.c: In function ‘t’:
conftest.c:13:57: error: ‘newpad’ undeclared (first use in this function)
 int t(void) { void ((*volatile p)()); p = (void ((*)()))newpad; return 0; }
                                                         ^
conftest.c:13:57: note: each undeclared identifier is reported only once for each function it appears in
checked program was:
/* begin */
 1: #include "ruby.h"
 2: 
 3: /*top*/
 4: extern int t(void);
 5: int main(int argc, char **argv)
 6: {
 7:   if (argc > 1000000) {
 8:     printf("%p", &t);
 9:   }
10: 
11:   return 0;
12: }
13: int t(void) { void ((*volatile p)()); p = (void ((*)()))newpad; return 0; }
/* end */

"gcc -o conftest -I/usr/include/ruby-2.1.0/x86_64-linux -I/usr/include/ruby-2.1.0/ruby/backward -I/usr/include/ruby-2.1.0 -I. -D_FORTIFY_SOURCE=2   -march=x86-64 -mtune=generic -O2 -pipe -fstack-protector --param=ssp-buffer-size=4 -fPIC conftest.c  -L. -L/usr/lib -L. -Wl,-O1,--sort-common,--as-needed,-z,relro -fstack-protector -rdynamic -Wl,-export-dynamic    -lncursesw  -lruby -lncursesw  -lpthread -lgmp -ldl -lcrypt -lm   -lc"
checked program was:
/* begin */
 1: #include "ruby.h"
 2: 
 3: /*top*/
 4: extern int t(void);
 5: int main(int argc, char **argv)
 6: {
 7:   if (argc > 1000000) {
 8:     printf("%p", &t);
 9:   }
10: 
11:   return 0;
12: }
13: int t(void) { newpad(); return 0; }
/* end */

--------------------

"gcc -I/usr/include/ruby-2.1.0/x86_64-linux -I/usr/include/ruby-2.1.0/ruby/backward -I/usr/include/ruby-2.1.0 -I. -D_FORTIFY_SOURCE=2   -march=x86-64 -mtune=generic -O2 -pipe -fstack-protector --param=ssp-buffer-size=4 -fPIC  -D_XOPEN_SOURCE_EXTENDED -c conftest.c"
checked program was:
/* begin */
1: #include "ruby.h"
2: 
3: #include <stdio.h>
4: #include <stdlib.h>
5: #include <ncurses.h>
6: 
7: /*top*/
8: int conftest_const[(sizeof(char*)>sizeof(int)) ? 1 : -1];
/* end */

have_var: checking for ESCDELAY in ncurses.h... -------------------- yes

"gcc -I/usr/include/ruby-2.1.0/x86_64-linux -I/usr/include/ruby-2.1.0/ruby/backward -I/usr/include/ruby-2.1.0 -I. -D_FORTIFY_SOURCE=2   -march=x86-64 -mtune=generic -O2 -pipe -fstack-protector --param=ssp-buffer-size=4 -fPIC   -c conftest.c"
checked program was:
/* begin */
 1: #include "ruby.h"
 2: 
 3: #include <ncurses.h>
 4: 
 5: /*top*/
 6: extern int t(void);
 7: int main(int argc, char **argv)
 8: {
 9:   if (argc > 1000000) {
10:     printf("%p", &t);
11:   }
12: 
13:   return 0;
14: }
15: int t(void) { const volatile void *volatile p; p = &(&ESCDELAY)[0]; return 0; }
/* end */

--------------------

have_var: checking for TABSIZE in ncurses.h... -------------------- yes

"gcc -I/usr/include/ruby-2.1.0/x86_64-linux -I/usr/include/ruby-2.1.0/ruby/backward -I/usr/include/ruby-2.1.0 -I. -D_FORTIFY_SOURCE=2   -march=x86-64 -mtune=generic -O2 -pipe -fstack-protector --param=ssp-buffer-size=4 -fPIC   -c conftest.c"
checked program was:
/* begin */
 1: #include "ruby.h"
 2: 
 3: #include <ncurses.h>
 4: 
 5: /*top*/
 6: extern int t(void);
 7: int main(int argc, char **argv)
 8: {
 9:   if (argc > 1000000) {
10:     printf("%p", &t);
11:   }
12: 
13:   return 0;
14: }
15: int t(void) { const volatile void *volatile p; p = &(&TABSIZE)[0]; return 0; }
/* end */

--------------------

have_var: checking for COLORS in ncurses.h... -------------------- yes

"gcc -I/usr/include/ruby-2.1.0/x86_64-linux -I/usr/include/ruby-2.1.0/ruby/backward -I/usr/include/ruby-2.1.0 -I. -D_FORTIFY_SOURCE=2   -march=x86-64 -mtune=generic -O2 -pipe -fstack-protector --param=ssp-buffer-size=4 -fPIC   -c conftest.c"
checked program was:
/* begin */
 1: #include "ruby.h"
 2: 
 3: #include <ncurses.h>
 4: 
 5: /*top*/
 6: extern int t(void);
 7: int main(int argc, char **argv)
 8: {
 9:   if (argc > 1000000) {
10:     printf("%p", &t);
11:   }
12: 
13:   return 0;
14: }
15: int t(void) { const volatile void *volatile p; p = &(&COLORS)[0]; return 0; }
/* end */

--------------------

have_var: checking for COLOR_PAIRS in ncurses.h... -------------------- yes

"gcc -I/usr/include/ruby-2.1.0/x86_64-linux -I/usr/include/ruby-2.1.0/ruby/backward -I/usr/include/ruby-2.1.0 -I. -D_FORTIFY_SOURCE=2   -march=x86-64 -mtune=generic -O2 -pipe -fstack-protector --param=ssp-buffer-size=4 -fPIC   -c conftest.c"
checked program was:
/* begin */
 1: #include "ruby.h"
 2: 
 3: #include <ncurses.h>
 4: 
 5: /*top*/
 6: extern int t(void);
 7: int main(int argc, char **argv)
 8: {
 9:   if (argc > 1000000) {
10:     printf("%p", &t);
11:   }
12: 
13:   return 0;
14: }
15: int t(void) { const volatile void *volatile p; p = &(&COLOR_PAIRS)[0]; return 0; }
/* end */

--------------------

checking for function curses_version in ncurses.h... -------------------- yes

"gcc -o conftest -I/usr/include/ruby-2.1.0/x86_64-linux -I/usr/include/ruby-2.1.0/ruby/backward -I/usr/include/ruby-2.1.0 -I. -D_FORTIFY_SOURCE=2   -march=x86-64 -mtune=generic -O2 -pipe -fstack-protector --param=ssp-buffer-size=4 -fPIC conftest.c  -L. -L/usr/lib -L. -Wl,-O1,--sort-common,--as-needed,-z,relro -fstack-protector -rdynamic -Wl,-export-dynamic    -lncursesw  -lruby  -lpthread -lgmp -ldl -lcrypt -lm   -lc"
checked program was:
/* begin */
1: #include "ruby.h"
2: 
3: #include <ncurses.h>
4:       int main(int argc, char *argv[])
5:       {
6:           curses_version();
7:           return EXIT_SUCCESS;
8:       }
/* end */

./conftest
--------------------

checking for variable curses_version in ncurses.h... -------------------- no

"gcc -o conftest -I/usr/include/ruby-2.1.0/x86_64-linux -I/usr/include/ruby-2.1.0/ruby/backward -I/usr/include/ruby-2.1.0 -I. -D_FORTIFY_SOURCE=2   -march=x86-64 -mtune=generic -O2 -pipe -fstack-protector --param=ssp-buffer-size=4 -fPIC conftest.c  -L. -L/usr/lib -L. -Wl,-O1,--sort-common,--as-needed,-z,relro -fstack-protector -rdynamic -Wl,-export-dynamic    -lncursesw  -lruby  -lpthread -lgmp -ldl -lcrypt -lm   -lc"
conftest.c:4:20: error: ‘curses_version’ redeclared as different kind of symbol
       extern char *curses_version;
                    ^
In file included from conftest.c:3:0:
/usr/include/curses.h:871:37: note: previous declaration of ‘curses_version’ was here
 extern NCURSES_EXPORT(const char *) curses_version (void);
                                     ^
checked program was:
/* begin */
 1: #include "ruby.h"
 2: 
 3: #include <ncurses.h>
 4:       extern char *curses_version;
 5:       int main(int argc, char *argv[])
 6:       {
 7:           int i = 0;
 8:           for (i = 0; i < 100; i++) {
 9:               if (curses_version[i] == 0)
10:                   return 0 < i ? EXIT_SUCCESS : EXIT_FAILURE;
11:               if (curses_version[i] & 0x80)
12:                   return EXIT_FAILURE;
13:           }
14:           return EXIT_FAILURE;
15:       }
/* end */

--------------------

